<?xml version="1.0" encoding="UTF-8"?>
<coverage generated="1773013306885" clover="3.2.0">
  <project timestamp="1773013306885" name="All files">
    <metrics statements="691" coveredstatements="601" conditionals="435" coveredconditionals="330" methods="168" coveredmethods="143" elements="1294" coveredelements="1074" complexity="0" loc="691" ncloc="691" packages="1" files="14" classes="14"/>
    <file name="agent-wrapper.js" path="/Users/jimmymalhan/Doc/claude-debug-copilot/src/paperclip/agent-wrapper.js">
      <metrics statements="58" coveredstatements="47" conditionals="24" coveredconditionals="17" methods="20" coveredmethods="17"/>
      <line num="13" count="2" type="stmt"/>
      <line num="15" count="2" type="stmt"/>
      <line num="30" count="32" type="stmt"/>
      <line num="31" count="32" type="stmt"/>
      <line num="32" count="32" type="stmt"/>
      <line num="40" count="13" type="cond" truecount="2" falsecount="0"/>
      <line num="41" count="1" type="stmt"/>
      <line num="44" count="12" type="stmt"/>
      <line num="51" count="12" type="stmt"/>
      <line num="53" count="12" type="stmt"/>
      <line num="54" count="12" type="stmt"/>
      <line num="58" count="10" type="stmt"/>
      <line num="59" count="10" type="stmt"/>
      <line num="63" count="10" type="stmt"/>
      <line num="64" count="10" type="stmt"/>
      <line num="68" count="10" type="stmt"/>
      <line num="69" count="10" type="stmt"/>
      <line num="73" count="10" type="stmt"/>
      <line num="74" count="10" type="stmt"/>
      <line num="78" count="10" type="stmt"/>
      <line num="79" count="10" type="stmt"/>
      <line num="83" count="2" type="stmt"/>
      <line num="84" count="2" type="stmt"/>
      <line num="92" count="2" type="stmt"/>
      <line num="93" count="2" type="cond" truecount="1" falsecount="1"/>
      <line num="94" count="2" type="stmt"/>
      <line num="105" count="0" type="stmt"/>
      <line num="106" count="0" type="stmt"/>
      <line num="110" count="0" type="stmt"/>
      <line num="111" count="0" type="stmt"/>
      <line num="119" count="0" type="stmt"/>
      <line num="120" count="0" type="stmt"/>
      <line num="122" count="12" type="stmt"/>
      <line num="123" count="12" type="stmt"/>
      <line num="124" count="12" type="stmt"/>
      <line num="125" count="12" type="cond" truecount="1" falsecount="1"/>
      <line num="126" count="12" type="stmt"/>
      <line num="136" count="0" type="stmt"/>
      <line num="137" count="0" type="stmt"/>
      <line num="144" count="0" type="cond" truecount="0" falsecount="2"/>
      <line num="151" count="66" type="stmt"/>
      <line num="152" count="66" type="stmt"/>
      <line num="153" count="66" type="stmt"/>
      <line num="154" count="54" type="stmt"/>
      <line num="160" count="12" type="stmt"/>
      <line num="169" count="10" type="stmt"/>
      <line num="170" count="10" type="cond" truecount="4" falsecount="0"/>
      <line num="180" count="10" type="cond" truecount="1" falsecount="1"/>
      <line num="181" count="0" type="stmt"/>
      <line num="183" count="10" type="stmt"/>
      <line num="190" count="12" type="stmt"/>
      <line num="198" count="10" type="stmt"/>
      <line num="210" count="10" type="cond" truecount="3" falsecount="1"/>
      <line num="211" count="0" type="stmt"/>
      <line num="214" count="10" type="cond" truecount="4" falsecount="0"/>
      <line num="216" count="8" type="cond" truecount="1" falsecount="1"/>
      <line num="217" count="8" type="stmt"/>
      <line num="226" count="1" type="stmt"/>
    </file>
    <file name="approval-state-machine.js" path="/Users/jimmymalhan/Doc/claude-debug-copilot/src/paperclip/approval-state-machine.js">
      <metrics statements="96" coveredstatements="94" conditionals="63" coveredconditionals="60" methods="12" coveredmethods="12"/>
      <line num="10" count="3" type="stmt"/>
      <line num="21" count="3" type="stmt"/>
      <line num="22" count="3" type="stmt"/>
      <line num="26" count="64" type="stmt"/>
      <line num="27" count="64" type="stmt"/>
      <line num="28" count="64" type="stmt"/>
      <line num="29" count="64" type="stmt"/>
      <line num="30" count="64" type="stmt"/>
      <line num="31" count="64" type="stmt"/>
      <line num="39" count="41" type="stmt"/>
      <line num="43" count="2" type="stmt"/>
      <line num="47" count="1" type="stmt"/>
      <line num="51" count="122" type="stmt"/>
      <line num="54" count="122" type="cond" truecount="7" falsecount="2"/>
      <line num="56" count="40" type="stmt"/>
      <line num="57" count="39" type="stmt"/>
      <line num="59" count="37" type="stmt"/>
      <line num="60" count="35" type="stmt"/>
      <line num="62" count="20" type="stmt"/>
      <line num="63" count="18" type="stmt"/>
      <line num="65" count="15" type="stmt"/>
      <line num="66" count="13" type="stmt"/>
      <line num="68" count="7" type="stmt"/>
      <line num="69" count="4" type="stmt"/>
      <line num="71" count="2" type="stmt"/>
      <line num="72" count="1" type="stmt"/>
      <line num="75" count="1" type="stmt"/>
      <line num="77" count="0" type="stmt"/>
      <line num="80" count="110" type="cond" truecount="1" falsecount="1"/>
      <line num="81" count="0" type="stmt"/>
      <line num="84" count="110" type="stmt"/>
      <line num="91" count="110" type="stmt"/>
      <line num="92" count="110" type="stmt"/>
      <line num="94" count="110" type="cond" truecount="2" falsecount="0"/>
      <line num="95" count="108" type="stmt"/>
      <line num="105" count="110" type="stmt"/>
      <line num="109" count="3" type="stmt"/>
      <line num="110" count="3" type="cond" truecount="2" falsecount="0"/>
      <line num="112" count="3" type="cond" truecount="2" falsecount="0"/>
      <line num="113" count="2" type="stmt"/>
      <line num="115" count="1" type="stmt"/>
      <line num="119" count="40" type="cond" truecount="2" falsecount="0"/>
      <line num="120" count="38" type="stmt"/>
      <line num="122" count="2" type="cond" truecount="2" falsecount="0"/>
      <line num="123" count="1" type="stmt"/>
      <line num="125" count="1" type="stmt"/>
      <line num="129" count="37" type="cond" truecount="2" falsecount="0"/>
      <line num="130" count="27" type="stmt"/>
      <line num="131" count="27" type="cond" truecount="2" falsecount="0"/>
      <line num="132" count="3" type="stmt"/>
      <line num="134" count="24" type="cond" truecount="2" falsecount="0"/>
      <line num="135" count="21" type="stmt"/>
      <line num="137" count="3" type="cond" truecount="2" falsecount="0"/>
      <line num="138" count="2" type="stmt"/>
      <line num="140" count="1" type="stmt"/>
      <line num="142" count="10" type="cond" truecount="2" falsecount="0"/>
      <line num="143" count="9" type="stmt"/>
      <line num="145" count="1" type="stmt"/>
      <line num="149" count="20" type="cond" truecount="2" falsecount="0"/>
      <line num="150" count="18" type="stmt"/>
      <line num="151" count="18" type="cond" truecount="2" falsecount="0"/>
      <line num="152" count="15" type="stmt"/>
      <line num="154" count="3" type="cond" truecount="2" falsecount="0"/>
      <line num="155" count="2" type="cond" truecount="2" falsecount="0"/>
      <line num="156" count="1" type="stmt"/>
      <line num="158" count="1" type="stmt"/>
      <line num="160" count="1" type="stmt"/>
      <line num="162" count="2" type="cond" truecount="2" falsecount="0"/>
      <line num="163" count="1" type="stmt"/>
      <line num="165" count="1" type="stmt"/>
      <line num="169" count="15" type="cond" truecount="2" falsecount="0"/>
      <line num="170" count="13" type="stmt"/>
      <line num="171" count="13" type="cond" truecount="2" falsecount="0"/>
      <line num="172" count="11" type="cond" truecount="2" falsecount="0"/>
      <line num="173" count="10" type="stmt"/>
      <line num="176" count="1" type="stmt"/>
      <line num="178" count="2" type="cond" truecount="2" falsecount="0"/>
      <line num="179" count="1" type="stmt"/>
      <line num="181" count="1" type="stmt"/>
      <line num="183" count="2" type="cond" truecount="2" falsecount="0"/>
      <line num="184" count="1" type="stmt"/>
      <line num="186" count="1" type="stmt"/>
      <line num="190" count="7" type="cond" truecount="2" falsecount="0"/>
      <line num="191" count="5" type="cond" truecount="2" falsecount="0"/>
      <line num="192" count="3" type="cond" truecount="2" falsecount="0"/>
      <line num="193" count="1" type="stmt"/>
      <line num="195" count="2" type="stmt"/>
      <line num="197" count="2" type="cond" truecount="2" falsecount="0"/>
      <line num="198" count="1" type="stmt"/>
      <line num="200" count="1" type="stmt"/>
      <line num="202" count="2" type="cond" truecount="2" falsecount="0"/>
      <line num="204" count="1" type="stmt"/>
      <line num="206" count="1" type="stmt"/>
      <line num="210" count="2" type="cond" truecount="2" falsecount="0"/>
      <line num="211" count="1" type="stmt"/>
      <line num="213" count="1" type="stmt"/>
    </file>
    <file name="audit-logger.js" path="/Users/jimmymalhan/Doc/claude-debug-copilot/src/paperclip/audit-logger.js">
      <metrics statements="37" coveredstatements="35" conditionals="19" coveredconditionals="17" methods="12" coveredmethods="12"/>
      <line num="8" count="4" type="stmt"/>
      <line num="10" count="4" type="stmt"/>
      <line num="25" count="135" type="stmt"/>
      <line num="26" count="135" type="stmt"/>
      <line num="30" count="232" type="cond" truecount="2" falsecount="0"/>
      <line num="31" count="1" type="stmt"/>
      <line num="34" count="231" type="stmt"/>
      <line num="36" count="196" type="stmt"/>
      <line num="43" count="196" type="stmt"/>
      <line num="44" count="196" type="stmt"/>
      <line num="46" count="196" type="stmt"/>
      <line num="50" count="17" type="stmt"/>
      <line num="52" count="17" type="cond" truecount="2" falsecount="0"/>
      <line num="53" count="16" type="stmt"/>
      <line num="55" count="17" type="cond" truecount="2" falsecount="0"/>
      <line num="56" count="5" type="stmt"/>
      <line num="58" count="17" type="cond" truecount="2" falsecount="0"/>
      <line num="59" count="12" type="stmt"/>
      <line num="61" count="17" type="cond" truecount="2" falsecount="0"/>
      <line num="62" count="1" type="stmt"/>
      <line num="63" count="2" type="stmt"/>
      <line num="66" count="17" type="stmt"/>
      <line num="70" count="2" type="stmt"/>
      <line num="74" count="3" type="stmt"/>
      <line num="78" count="1" type="stmt"/>
      <line num="83" count="2" type="stmt"/>
      <line num="84" count="6" type="cond" truecount="1" falsecount="1"/>
      <line num="85" count="0" type="stmt"/>
      <line num="90" count="2" type="stmt"/>
      <line num="91" count="6" type="cond" truecount="1" falsecount="1"/>
      <line num="92" count="0" type="stmt"/>
      <line num="96" count="2" type="stmt"/>
      <line num="100" count="231" type="stmt"/>
      <line num="101" count="461" type="cond" truecount="2" falsecount="0"/>
      <line num="102" count="2" type="stmt"/>
      <line num="106" count="229" type="cond" truecount="2" falsecount="0"/>
      <line num="107" count="33" type="stmt"/>
    </file>
    <file name="budget-enforcer.js" path="/Users/jimmymalhan/Doc/claude-debug-copilot/src/paperclip/budget-enforcer.js">
      <metrics statements="52" coveredstatements="50" conditionals="20" coveredconditionals="18" methods="10" coveredmethods="10"/>
      <line num="8" count="3" type="stmt"/>
      <line num="15" count="3" type="stmt"/>
      <line num="23" count="74" type="stmt"/>
      <line num="24" count="74" type="stmt"/>
      <line num="25" count="74" type="stmt"/>
      <line num="31" count="74" type="stmt"/>
      <line num="35" count="2" type="stmt"/>
      <line num="39" count="4" type="stmt"/>
      <line num="43" count="10" type="stmt"/>
      <line num="44" count="10" type="cond" truecount="1" falsecount="1"/>
      <line num="45" count="10" type="stmt"/>
      <line num="48" count="10" type="cond" truecount="1" falsecount="1"/>
      <line num="49" count="0" type="stmt"/>
      <line num="50" count="0" type="stmt"/>
      <line num="54" count="10" type="cond" truecount="2" falsecount="0"/>
      <line num="55" count="1" type="stmt"/>
      <line num="56" count="1" type="stmt"/>
      <line num="60" count="9" type="cond" truecount="2" falsecount="0"/>
      <line num="61" count="1" type="stmt"/>
      <line num="62" count="1" type="stmt"/>
      <line num="66" count="8" type="stmt"/>
      <line num="67" count="8" type="stmt"/>
      <line num="69" count="8" type="stmt"/>
      <line num="70" count="8" type="stmt"/>
      <line num="74" count="9" type="stmt"/>
      <line num="77" count="9" type="stmt"/>
      <line num="78" count="9" type="stmt"/>
      <line num="80" count="9" type="stmt"/>
      <line num="81" count="9" type="stmt"/>
      <line num="84" count="9" type="stmt"/>
      <line num="85" count="9" type="cond" truecount="2" falsecount="0"/>
      <line num="86" count="2" type="stmt"/>
      <line num="87" count="7" type="cond" truecount="2" falsecount="0"/>
      <line num="88" count="1" type="stmt"/>
      <line num="89" count="6" type="cond" truecount="2" falsecount="0"/>
      <line num="90" count="1" type="stmt"/>
      <line num="93" count="9" type="stmt"/>
      <line num="94" count="9" type="stmt"/>
      <line num="98" count="3" type="stmt"/>
      <line num="102" count="1" type="stmt"/>
      <line num="103" count="1" type="stmt"/>
      <line num="104" count="1" type="stmt"/>
      <line num="106" count="1" type="stmt"/>
      <line num="107" count="1" type="stmt"/>
      <line num="108" count="1" type="stmt"/>
      <line num="109" count="1" type="stmt"/>
      <line num="113" count="19" type="cond" truecount="2" falsecount="0"/>
      <line num="114" count="10" type="stmt"/>
      <line num="116" count="19" type="stmt"/>
      <line num="120" count="6" type="stmt"/>
      <line num="128" count="18" type="cond" truecount="2" falsecount="0"/>
      <line num="129" count="16" type="stmt"/>
    </file>
    <file name="error-handler.js" path="/Users/jimmymalhan/Doc/claude-debug-copilot/src/paperclip/error-handler.js">
      <metrics statements="45" coveredstatements="43" conditionals="29" coveredconditionals="25" methods="13" coveredmethods="13"/>
      <line num="7" count="2" type="stmt"/>
      <line num="15" count="2" type="stmt"/>
      <line num="24" count="39" type="stmt"/>
      <line num="25" count="39" type="stmt"/>
      <line num="33" count="7" type="stmt"/>
      <line num="35" count="7" type="stmt"/>
      <line num="36" count="19" type="stmt"/>
      <line num="37" count="19" type="stmt"/>
      <line num="38" count="3" type="cond" truecount="2" falsecount="0"/>
      <line num="39" count="1" type="stmt"/>
      <line num="45" count="3" type="stmt"/>
      <line num="47" count="16" type="stmt"/>
      <line num="48" count="16" type="stmt"/>
      <line num="50" count="16" type="cond" truecount="2" falsecount="0"/>
      <line num="51" count="13" type="stmt"/>
      <line num="52" count="12" type="stmt"/>
      <line num="58" count="3" type="stmt"/>
      <line num="65" count="48" type="cond" truecount="1" falsecount="1"/>
      <line num="67" count="48" type="cond" truecount="4" falsecount="0"/>
      <line num="68" count="3" type="stmt"/>
      <line num="70" count="45" type="cond" truecount="4" falsecount="0"/>
      <line num="71" count="12" type="stmt"/>
      <line num="73" count="33" type="cond" truecount="2" falsecount="0"/>
      <line num="74" count="23" type="stmt"/>
      <line num="76" count="10" type="cond" truecount="4" falsecount="0"/>
      <line num="77" count="2" type="stmt"/>
      <line num="79" count="8" type="stmt"/>
      <line num="86" count="20" type="stmt"/>
      <line num="87" count="20" type="stmt"/>
      <line num="94" count="4" type="stmt"/>
      <line num="95" count="4" type="stmt"/>
      <line num="103" count="4" type="cond" truecount="1" falsecount="1"/>
      <line num="104" count="0" type="stmt"/>
      <line num="110" count="4" type="stmt"/>
      <line num="117" count="2" type="stmt"/>
      <line num="124" count="1" type="stmt"/>
      <line num="131" count="16" type="stmt"/>
      <line num="140" count="16" type="stmt"/>
      <line num="142" count="16" type="cond" truecount="1" falsecount="1"/>
      <line num="143" count="0" type="stmt"/>
      <line num="154" count="2" type="stmt"/>
      <line num="164" count="13" type="stmt"/>
      <line num="171" count="3" type="stmt"/>
      <line num="184" count="4" type="stmt"/>
      <line num="191" count="4" type="cond" truecount="1" falsecount="1"/>
    </file>
    <file name="extended-agent-framework.js" path="/Users/jimmymalhan/Doc/claude-debug-copilot/src/paperclip/extended-agent-framework.js">
      <metrics statements="33" coveredstatements="29" conditionals="18" coveredconditionals="11" methods="13" coveredmethods="12"/>
      <line num="9" count="20" type="stmt"/>
      <line num="10" count="20" type="stmt"/>
      <line num="11" count="20" type="stmt"/>
      <line num="13" count="20" type="stmt"/>
      <line num="20" count="20" type="stmt"/>
      <line num="21" count="20" type="stmt"/>
      <line num="23" count="20" type="stmt"/>
      <line num="24" count="160" type="stmt"/>
      <line num="31" count="160" type="stmt"/>
      <line num="43" count="1" type="cond" truecount="1" falsecount="1"/>
      <line num="44" count="0" type="stmt"/>
      <line num="47" count="1" type="stmt"/>
      <line num="48" count="1" type="stmt"/>
      <line num="55" count="1" type="stmt"/>
      <line num="62" count="5" type="stmt"/>
      <line num="69" count="0" type="stmt"/>
      <line num="70" count="0" type="cond" truecount="0" falsecount="2"/>
      <line num="71" count="0" type="stmt"/>
      <line num="78" count="3" type="stmt"/>
      <line num="85" count="3" type="stmt"/>
      <line num="91" count="3" type="stmt"/>
      <line num="98" count="1" type="stmt"/>
      <line num="99" count="1" type="stmt"/>
      <line num="100" count="8" type="stmt"/>
      <line num="102" count="1" type="stmt"/>
      <line num="109" count="160" type="stmt"/>
      <line num="119" count="160" type="cond" truecount="1" falsecount="1"/>
      <line num="126" count="160" type="stmt"/>
      <line num="136" count="160" type="cond" truecount="1" falsecount="1"/>
      <line num="143" count="160" type="stmt"/>
      <line num="153" count="160" type="cond" truecount="1" falsecount="1"/>
      <line num="160" count="160" type="stmt"/>
      <line num="170" count="160" type="cond" truecount="1" falsecount="1"/>
    </file>
    <file name="file-access-guard.js" path="/Users/jimmymalhan/Doc/claude-debug-copilot/src/paperclip/file-access-guard.js">
      <metrics statements="58" coveredstatements="54" conditionals="36" coveredconditionals="24" methods="9" coveredmethods="9"/>
      <line num="11" count="3" type="stmt"/>
      <line num="21" count="3" type="stmt"/>
      <line num="55" count="55" type="stmt"/>
      <line num="64" count="50" type="stmt"/>
      <line num="65" count="232" type="cond" truecount="2" falsecount="0"/>
      <line num="66" count="40" type="stmt"/>
      <line num="70" count="10" type="stmt"/>
      <line num="79" count="65" type="cond" truecount="2" falsecount="0"/>
      <line num="80" count="3" type="stmt"/>
      <line num="83" count="62" type="stmt"/>
      <line num="86" count="62" type="cond" truecount="3" falsecount="1"/>
      <line num="87" count="62" type="stmt"/>
      <line num="88" count="218" type="cond" truecount="2" falsecount="0"/>
      <line num="89" count="18" type="stmt"/>
      <line num="95" count="44" type="cond" truecount="1" falsecount="1"/>
      <line num="96" count="44" type="cond" truecount="1" falsecount="1"/>
      <line num="97" count="0" type="stmt"/>
      <line num="101" count="44" type="stmt"/>
      <line num="102" count="77" type="cond" truecount="2" falsecount="0"/>
      <line num="103" count="34" type="stmt"/>
      <line num="108" count="10" type="stmt"/>
      <line num="118" count="548" type="stmt"/>
      <line num="119" count="548" type="stmt"/>
      <line num="122" count="548" type="stmt"/>
      <line num="125" count="548" type="stmt"/>
      <line num="126" count="548" type="stmt"/>
      <line num="127" count="548" type="stmt"/>
      <line num="129" count="548" type="stmt"/>
      <line num="130" count="548" type="stmt"/>
      <line num="131" count="548" type="stmt"/>
      <line num="134" count="548" type="stmt"/>
      <line num="138" count="548" type="stmt"/>
      <line num="142" count="548" type="stmt"/>
      <line num="143" count="548" type="stmt"/>
      <line num="144" count="548" type="stmt"/>
      <line num="146" count="548" type="stmt"/>
      <line num="147" count="548" type="stmt"/>
      <line num="155" count="3" type="stmt"/>
      <line num="165" count="1" type="stmt"/>
      <line num="166" count="1" type="cond" truecount="1" falsecount="1"/>
      <line num="167" count="0" type="stmt"/>
      <line num="169" count="1" type="cond" truecount="1" falsecount="1"/>
      <line num="176" count="2" type="stmt"/>
      <line num="177" count="2" type="cond" truecount="1" falsecount="1"/>
      <line num="178" count="0" type="stmt"/>
      <line num="180" count="2" type="cond" truecount="1" falsecount="1"/>
      <line num="187" count="2" type="stmt"/>
      <line num="188" count="2" type="cond" truecount="2" falsecount="0"/>
      <line num="189" count="1" type="stmt"/>
      <line num="191" count="1" type="stmt"/>
      <line num="203" count="1" type="stmt"/>
      <line num="205" count="1" type="stmt"/>
      <line num="206" count="5" type="cond" truecount="1" falsecount="1"/>
      <line num="207" count="5" type="stmt"/>
      <line num="208" count="35" type="stmt"/>
      <line num="209" count="21" type="cond" truecount="1" falsecount="1"/>
      <line num="210" count="0" type="stmt"/>
      <line num="221" count="1" type="stmt"/>
    </file>
    <file name="heartbeat-monitor.js" path="/Users/jimmymalhan/Doc/claude-debug-copilot/src/paperclip/heartbeat-monitor.js">
      <metrics statements="48" coveredstatements="45" conditionals="29" coveredconditionals="20" methods="9" coveredmethods="9"/>
      <line num="8" count="3" type="stmt"/>
      <line num="9" count="3" type="stmt"/>
      <line num="10" count="3" type="stmt"/>
      <line num="14" count="45" type="stmt"/>
      <line num="15" count="45" type="stmt"/>
      <line num="16" count="45" type="stmt"/>
      <line num="20" count="7" type="stmt"/>
      <line num="29" count="3" type="cond" truecount="2" falsecount="0"/>
      <line num="30" count="1" type="stmt"/>
      <line num="33" count="2" type="stmt"/>
      <line num="34" count="2" type="stmt"/>
      <line num="35" count="2" type="cond" truecount="1" falsecount="1"/>
      <line num="36" count="2" type="cond" truecount="2" falsecount="0"/>
      <line num="38" count="2" type="stmt"/>
      <line num="42" count="8" type="stmt"/>
      <line num="44" count="8" type="stmt"/>
      <line num="45" count="9" type="cond" truecount="1" falsecount="1"/>
      <line num="46" count="0" type="stmt"/>
      <line num="47" count="0" type="stmt"/>
      <line num="50" count="9" type="stmt"/>
      <line num="51" count="9" type="stmt"/>
      <line num="53" count="9" type="cond" truecount="2" falsecount="0"/>
      <line num="54" count="8" type="stmt"/>
      <line num="56" count="8" type="cond" truecount="2" falsecount="0"/>
      <line num="57" count="4" type="stmt"/>
      <line num="58" count="4" type="stmt"/>
      <line num="59" count="4" type="cond" truecount="2" falsecount="0"/>
      <line num="60" count="1" type="stmt"/>
      <line num="61" count="1" type="stmt"/>
      <line num="62" count="3" type="cond" truecount="2" falsecount="0"/>
      <line num="63" count="2" type="stmt"/>
      <line num="64" count="2" type="stmt"/>
      <line num="65" count="1" type="cond" truecount="1" falsecount="1"/>
      <line num="66" count="1" type="stmt"/>
      <line num="70" count="9" type="stmt"/>
      <line num="73" count="8" type="stmt"/>
      <line num="77" count="7" type="cond" truecount="1" falsecount="1"/>
      <line num="78" count="0" type="stmt"/>
      <line num="80" count="7" type="stmt"/>
      <line num="84" count="1" type="stmt"/>
      <line num="88" count="3" type="stmt"/>
      <line num="89" count="3" type="cond" truecount="2" falsecount="0"/>
      <line num="93" count="7" type="stmt"/>
      <line num="99" count="7" type="stmt"/>
      <line num="101" count="7" type="cond" truecount="1" falsecount="1"/>
      <line num="102" count="7" type="stmt"/>
      <line num="113" count="1" type="cond" truecount="1" falsecount="1"/>
      <line num="114" count="1" type="stmt"/>
    </file>
    <file name="input-validator.js" path="/Users/jimmymalhan/Doc/claude-debug-copilot/src/paperclip/input-validator.js">
      <metrics statements="67" coveredstatements="61" conditionals="62" coveredconditionals="54" methods="11" coveredmethods="11"/>
      <line num="8" count="3" type="stmt"/>
      <line num="10" count="3" type="stmt"/>
      <line num="22" count="3" type="stmt"/>
      <line num="36" count="58" type="cond" truecount="4" falsecount="0"/>
      <line num="37" count="3" type="stmt"/>
      <line num="41" count="55" type="stmt"/>
      <line num="44" count="50" type="cond" truecount="2" falsecount="0"/>
      <line num="45" count="29" type="stmt"/>
      <line num="49" count="38" type="cond" truecount="4" falsecount="0"/>
      <line num="50" count="24" type="stmt"/>
      <line num="54" count="33" type="cond" truecount="4" falsecount="0"/>
      <line num="55" count="10" type="stmt"/>
      <line num="58" count="31" type="stmt"/>
      <line num="65" count="55" type="cond" truecount="2" falsecount="0"/>
      <line num="66" count="2" type="stmt"/>
      <line num="68" count="53" type="cond" truecount="2" falsecount="0"/>
      <line num="69" count="3" type="stmt"/>
      <line num="80" count="29" type="cond" truecount="1" falsecount="1"/>
      <line num="81" count="0" type="stmt"/>
      <line num="85" count="29" type="cond" truecount="2" falsecount="0"/>
      <line num="86" count="1" type="stmt"/>
      <line num="92" count="28" type="cond" truecount="2" falsecount="0"/>
      <line num="93" count="1" type="stmt"/>
      <line num="97" count="27" type="stmt"/>
      <line num="98" count="27" type="cond" truecount="2" falsecount="0"/>
      <line num="99" count="1" type="stmt"/>
      <line num="103" count="26" type="stmt"/>
      <line num="104" count="26" type="stmt"/>
      <line num="105" count="198" type="cond" truecount="2" falsecount="0"/>
      <line num="106" count="9" type="stmt"/>
      <line num="122" count="24" type="cond" truecount="1" falsecount="1"/>
      <line num="123" count="0" type="stmt"/>
      <line num="126" count="24" type="cond" truecount="2" falsecount="0"/>
      <line num="127" count="1" type="stmt"/>
      <line num="132" count="23" type="stmt"/>
      <line num="133" count="60" type="cond" truecount="3" falsecount="1"/>
      <line num="134" count="0" type="stmt"/>
      <line num="138" count="60" type="cond" truecount="2" falsecount="0"/>
      <line num="139" count="1" type="stmt"/>
      <line num="141" count="59" type="cond" truecount="2" falsecount="0"/>
      <line num="142" count="1" type="stmt"/>
      <line num="146" count="58" type="stmt"/>
      <line num="149" count="58" type="cond" truecount="4" falsecount="0"/>
      <line num="150" count="1" type="stmt"/>
      <line num="156" count="57" type="cond" truecount="1" falsecount="1"/>
      <line num="157" count="57" type="cond" truecount="2" falsecount="0"/>
      <line num="158" count="1" type="stmt"/>
      <line num="168" count="58" type="cond" truecount="1" falsecount="1"/>
      <line num="169" count="0" type="stmt"/>
      <line num="174" count="58" type="stmt"/>
      <line num="180" count="58" type="stmt"/>
      <line num="181" count="58" type="cond" truecount="2" falsecount="2"/>
      <line num="182" count="0" type="stmt"/>
      <line num="191" count="10" type="cond" truecount="1" falsecount="1"/>
      <line num="192" count="0" type="stmt"/>
      <line num="195" count="10" type="stmt"/>
      <line num="196" count="11" type="cond" truecount="2" falsecount="0"/>
      <line num="197" count="1" type="stmt"/>
      <line num="201" count="10" type="stmt"/>
      <line num="202" count="29" type="stmt"/>
      <line num="205" count="10" type="cond" truecount="2" falsecount="0"/>
      <line num="206" count="1" type="stmt"/>
      <line num="217" count="4" type="cond" truecount="2" falsecount="0"/>
      <line num="218" count="1" type="stmt"/>
      <line num="222" count="3" type="stmt"/>
      <line num="225" count="3" type="stmt"/>
      <line num="227" count="3" type="stmt"/>
    </file>
    <file name="log-sanitizer.js" path="/Users/jimmymalhan/Doc/claude-debug-copilot/src/paperclip/log-sanitizer.js">
      <metrics statements="43" coveredstatements="38" conditionals="32" coveredconditionals="23" methods="7" coveredmethods="7"/>
      <line num="8" count="3" type="stmt"/>
      <line num="57" count="84" type="cond" truecount="2" falsecount="0"/>
      <line num="58" count="3" type="stmt"/>
      <line num="61" count="81" type="stmt"/>
      <line num="62" count="81" type="stmt"/>
      <line num="63" count="648" type="stmt"/>
      <line num="65" count="81" type="stmt"/>
      <line num="73" count="100" type="cond" truecount="1" falsecount="1"/>
      <line num="74" count="0" type="stmt"/>
      <line num="77" count="100" type="cond" truecount="2" falsecount="0"/>
      <line num="78" count="61" type="stmt"/>
      <line num="81" count="39" type="cond" truecount="2" falsecount="0"/>
      <line num="82" count="11" type="stmt"/>
      <line num="85" count="28" type="cond" truecount="4" falsecount="0"/>
      <line num="86" count="26" type="stmt"/>
      <line num="87" count="26" type="stmt"/>
      <line num="88" count="82" type="stmt"/>
      <line num="90" count="26" type="stmt"/>
      <line num="93" count="2" type="stmt"/>
      <line num="101" count="9" type="cond" truecount="1" falsecount="1"/>
      <line num="102" count="0" type="stmt"/>
      <line num="105" count="9" type="stmt"/>
      <line num="106" count="9" type="stmt"/>
      <line num="107" count="72" type="cond" truecount="2" falsecount="0"/>
      <line num="108" count="4" type="stmt"/>
      <line num="110" count="4" type="stmt"/>
      <line num="113" count="9" type="stmt"/>
      <line num="120" count="8" type="stmt"/>
      <line num="132" count="2" type="cond" truecount="3" falsecount="1"/>
      <line num="133" count="0" type="stmt"/>
      <line num="136" count="2" type="stmt"/>
      <line num="139" count="2" type="stmt"/>
      <line num="140" count="6" type="cond" truecount="1" falsecount="1"/>
      <line num="141" count="6" type="stmt"/>
      <line num="142" count="0" type="cond" truecount="0" falsecount="4"/>
      <line num="143" count="0" type="stmt"/>
      <line num="148" count="2" type="stmt"/>
      <line num="149" count="2" type="stmt"/>
      <line num="150" count="6" type="cond" truecount="1" falsecount="1"/>
      <line num="151" count="6" type="stmt"/>
      <line num="155" count="2" type="cond" truecount="2" falsecount="0"/>
      <line num="156" count="1" type="stmt"/>
      <line num="162" count="2" type="stmt"/>
    </file>
    <file name="monitoring-dashboard.js" path="/Users/jimmymalhan/Doc/claude-debug-copilot/src/paperclip/monitoring-dashboard.js">
      <metrics statements="33" coveredstatements="13" conditionals="36" coveredconditionals="3" methods="16" coveredmethods="6"/>
      <line num="9" count="20" type="stmt"/>
      <line num="10" count="20" type="stmt"/>
      <line num="11" count="20" type="stmt"/>
      <line num="12" count="20" type="stmt"/>
      <line num="13" count="20" type="stmt"/>
      <line num="20" count="4" type="stmt"/>
      <line num="34" count="5" type="stmt"/>
      <line num="35" count="0" type="cond" truecount="0" falsecount="2"/>
      <line num="37" count="0" type="stmt"/>
      <line num="50" count="1" type="cond" truecount="1" falsecount="1"/>
      <line num="51" count="1" type="stmt"/>
      <line num="53" count="1" type="stmt"/>
      <line num="54" count="0" type="cond" truecount="0" falsecount="2"/>
      <line num="57" count="1" type="stmt"/>
      <line num="69" count="0" type="cond" truecount="0" falsecount="2"/>
      <line num="70" count="0" type="stmt"/>
      <line num="72" count="0" type="stmt"/>
      <line num="73" count="0" type="stmt"/>
      <line num="81" count="0" type="stmt"/>
      <line num="88" count="0" type="stmt"/>
      <line num="89" count="0" type="stmt"/>
      <line num="102" count="0" type="cond" truecount="0" falsecount="2"/>
      <line num="103" count="0" type="stmt"/>
      <line num="105" count="0" type="stmt"/>
      <line num="106" count="0" type="cond" truecount="0" falsecount="2"/>
      <line num="109" count="0" type="stmt"/>
      <line num="122" count="1" type="stmt"/>
      <line num="133" count="1" type="cond" truecount="1" falsecount="1"/>
      <line num="134" count="0" type="cond" truecount="0" falsecount="2"/>
      <line num="135" count="0" type="stmt"/>
      <line num="142" count="0" type="stmt"/>
      <line num="149" count="0" type="stmt"/>
      <line num="160" count="0" type="stmt"/>
    </file>
    <file name="paperclip-client.js" path="/Users/jimmymalhan/Doc/claude-debug-copilot/src/paperclip/paperclip-client.js">
      <metrics statements="35" coveredstatements="9" conditionals="3" coveredconditionals="1" methods="13" coveredmethods="2"/>
      <line num="22" count="18" type="stmt"/>
      <line num="23" count="18" type="stmt"/>
      <line num="24" count="18" type="stmt"/>
      <line num="25" count="18" type="stmt"/>
      <line num="26" count="18" type="stmt"/>
      <line num="27" count="18" type="stmt"/>
      <line num="29" count="18" type="stmt"/>
      <line num="30" count="18" type="stmt"/>
      <line num="37" count="18" type="stmt"/>
      <line num="41" count="0" type="stmt"/>
      <line num="42" count="0" type="stmt"/>
      <line num="49" count="0" type="stmt"/>
      <line num="50" count="0" type="stmt"/>
      <line num="51" count="0" type="stmt"/>
      <line num="59" count="0" type="stmt"/>
      <line num="60" count="0" type="stmt"/>
      <line num="61" count="0" type="stmt"/>
      <line num="63" count="0" type="stmt"/>
      <line num="71" count="0" type="stmt"/>
      <line num="72" count="0" type="stmt"/>
      <line num="73" count="0" type="stmt"/>
      <line num="74" count="0" type="stmt"/>
      <line num="79" count="0" type="stmt"/>
      <line num="81" count="0" type="stmt"/>
      <line num="89" count="0" type="stmt"/>
      <line num="90" count="0" type="stmt"/>
      <line num="91" count="0" type="stmt"/>
      <line num="99" count="0" type="stmt"/>
      <line num="106" count="0" type="stmt"/>
      <line num="107" count="0" type="stmt"/>
      <line num="114" count="0" type="stmt"/>
      <line num="121" count="0" type="stmt"/>
      <line num="133" count="0" type="stmt"/>
      <line num="134" count="0" type="stmt"/>
      <line num="135" count="0" type="stmt"/>
    </file>
    <file name="performance-optimizer.js" path="/Users/jimmymalhan/Doc/claude-debug-copilot/src/paperclip/performance-optimizer.js">
      <metrics statements="25" coveredstatements="22" conditionals="16" coveredconditionals="10" methods="9" coveredmethods="9"/>
      <line num="9" count="20" type="stmt"/>
      <line num="10" count="20" type="stmt"/>
      <line num="11" count="20" type="stmt"/>
      <line num="18" count="3" type="cond" truecount="2" falsecount="0"/>
      <line num="19" count="1" type="stmt"/>
      <line num="20" count="1" type="stmt"/>
      <line num="23" count="2" type="stmt"/>
      <line num="24" count="2" type="stmt"/>
      <line num="27" count="2" type="cond" truecount="1" falsecount="1"/>
      <line num="28" count="0" type="stmt"/>
      <line num="29" count="0" type="stmt"/>
      <line num="30" count="0" type="stmt"/>
      <line num="33" count="2" type="stmt"/>
      <line num="34" count="2" type="stmt"/>
      <line num="41" count="1" type="stmt"/>
      <line num="56" count="3" type="cond" truecount="2" falsecount="0"/>
      <line num="57" count="3" type="stmt"/>
      <line num="69" count="1" type="stmt"/>
      <line num="76" count="1" type="cond" truecount="1" falsecount="1"/>
      <line num="77" count="1" type="cond" truecount="1" falsecount="1"/>
      <line num="78" count="1" type="cond" truecount="1" falsecount="1"/>
      <line num="79" count="1" type="stmt"/>
      <line num="86" count="1" type="cond" truecount="1" falsecount="1"/>
      <line num="93" count="1" type="cond" truecount="1" falsecount="1"/>
      <line num="100" count="1" type="stmt"/>
    </file>
    <file name="task-manager.js" path="/Users/jimmymalhan/Doc/claude-debug-copilot/src/paperclip/task-manager.js">
      <metrics statements="61" coveredstatements="61" conditionals="48" coveredconditionals="47" methods="14" coveredmethods="14"/>
      <line num="10" count="3" type="stmt"/>
      <line num="12" count="3" type="stmt"/>
      <line num="21" count="3" type="stmt"/>
      <line num="23" count="3" type="stmt"/>
      <line num="34" count="65" type="stmt"/>
      <line num="35" count="65" type="stmt"/>
      <line num="36" count="65" type="stmt"/>
      <line num="40" count="36" type="stmt"/>
      <line num="42" count="34" type="cond" truecount="2" falsecount="0"/>
      <line num="43" count="34" type="stmt"/>
      <line num="68" count="34" type="stmt"/>
      <line num="70" count="34" type="cond" truecount="2" falsecount="0"/>
      <line num="71" count="33" type="stmt"/>
      <line num="79" count="34" type="stmt"/>
      <line num="83" count="31" type="stmt"/>
      <line num="84" count="31" type="cond" truecount="2" falsecount="0"/>
      <line num="85" count="1" type="stmt"/>
      <line num="87" count="30" type="stmt"/>
      <line num="91" count="3" type="stmt"/>
      <line num="92" count="3" type="stmt"/>
      <line num="93" count="3" type="stmt"/>
      <line num="95" count="3" type="cond" truecount="2" falsecount="0"/>
      <line num="96" count="2" type="stmt"/>
      <line num="104" count="3" type="stmt"/>
      <line num="108" count="8" type="cond" truecount="2" falsecount="0"/>
      <line num="109" count="1" type="stmt"/>
      <line num="112" count="7" type="stmt"/>
      <line num="113" count="7" type="stmt"/>
      <line num="115" count="7" type="stmt"/>
      <line num="119" count="9" type="stmt"/>
      <line num="122" count="9" type="cond" truecount="2" falsecount="0"/>
      <line num="123" count="1" type="stmt"/>
      <line num="127" count="8" type="stmt"/>
      <line num="129" count="1" type="stmt"/>
      <line num="130" count="1" type="stmt"/>
      <line num="131" count="1" type="stmt"/>
      <line num="133" count="1" type="stmt"/>
      <line num="137" count="6" type="cond" truecount="2" falsecount="0"/>
      <line num="138" count="1" type="stmt"/>
      <line num="140" count="5" type="stmt"/>
      <line num="141" count="5" type="stmt"/>
      <line num="145" count="5" type="stmt"/>
      <line num="146" count="5" type="cond" truecount="2" falsecount="0"/>
      <line num="147" count="2" type="stmt"/>
      <line num="149" count="5" type="cond" truecount="2" falsecount="0"/>
      <line num="150" count="2" type="stmt"/>
      <line num="152" count="5" type="stmt"/>
      <line num="161" count="36" type="cond" truecount="4" falsecount="0"/>
      <line num="162" count="2" type="stmt"/>
      <line num="167" count="8" type="cond" truecount="4" falsecount="0"/>
      <line num="168" count="2" type="stmt"/>
      <line num="171" count="6" type="stmt"/>
      <line num="172" count="26" type="cond" truecount="5" falsecount="0"/>
      <line num="173" count="2" type="stmt"/>
      <line num="178" count="4" type="cond" truecount="4" falsecount="0"/>
      <line num="179" count="1" type="stmt"/>
      <line num="181" count="3" type="cond" truecount="4" falsecount="0"/>
      <line num="182" count="1" type="stmt"/>
      <line num="186" count="2" type="cond" truecount="2" falsecount="0"/>
      <line num="187" count="1" type="stmt"/>
      <line num="192" count="11" type="stmt"/>
    </file>
  </project>
</coverage>
