{"/Users/jimmymalhan/Doc/claude-debug-copilot/src/paperclip/agent-wrapper.js": {"path":"/Users/jimmymalhan/Doc/claude-debug-copilot/src/paperclip/agent-wrapper.js","statementMap":{"0":{"start":{"line":13,"column":20},"end":{"line":13,"column":66}},"1":{"start":{"line":15,"column":24},"end":{"line":26,"column":1}},"2":{"start":{"line":30,"column":4},"end":{"line":30,"column":35}},"3":{"start":{"line":31,"column":4},"end":{"line":31,"column":36}},"4":{"start":{"line":32,"column":4},"end":{"line":32,"column":34}},"5":{"start":{"line":40,"column":4},"end":{"line":42,"column":5}},"6":{"start":{"line":41,"column":6},"end":{"line":41,"column":56}},"7":{"start":{"line":44,"column":22},"end":{"line":49,"column":5}},"8":{"start":{"line":51,"column":4},"end":{"line":134,"column":5}},"9":{"start":{"line":53,"column":6},"end":{"line":55,"column":9}},"10":{"start":{"line":54,"column":8},"end":{"line":54,"column":52}},"11":{"start":{"line":58,"column":6},"end":{"line":60,"column":9}},"12":{"start":{"line":59,"column":8},"end":{"line":59,"column":56}},"13":{"start":{"line":63,"column":6},"end":{"line":65,"column":9}},"14":{"start":{"line":64,"column":8},"end":{"line":64,"column":34}},"15":{"start":{"line":68,"column":6},"end":{"line":70,"column":9}},"16":{"start":{"line":69,"column":8},"end":{"line":69,"column":54}},"17":{"start":{"line":73,"column":6},"end":{"line":75,"column":9}},"18":{"start":{"line":74,"column":8},"end":{"line":74,"column":81}},"19":{"start":{"line":78,"column":6},"end":{"line":80,"column":9}},"20":{"start":{"line":79,"column":8},"end":{"line":79,"column":81}},"21":{"start":{"line":83,"column":6},"end":{"line":89,"column":9}},"22":{"start":{"line":84,"column":8},"end":{"line":88,"column":11}},"23":{"start":{"line":92,"column":6},"end":{"line":102,"column":9}},"24":{"start":{"line":93,"column":8},"end":{"line":101,"column":9}},"25":{"start":{"line":94,"column":10},"end":{"line":100,"column":13}},"26":{"start":{"line":105,"column":6},"end":{"line":107,"column":9}},"27":{"start":{"line":106,"column":8},"end":{"line":106,"column":34}},"28":{"start":{"line":110,"column":6},"end":{"line":117,"column":9}},"29":{"start":{"line":111,"column":8},"end":{"line":116,"column":10}},"30":{"start":{"line":119,"column":6},"end":{"line":119,"column":35}},"31":{"start":{"line":120,"column":6},"end":{"line":120,"column":66}},"32":{"start":{"line":122,"column":6},"end":{"line":122,"column":34}},"33":{"start":{"line":123,"column":6},"end":{"line":123,"column":38}},"34":{"start":{"line":124,"column":6},"end":{"line":124,"column":32}},"35":{"start":{"line":125,"column":6},"end":{"line":133,"column":7}},"36":{"start":{"line":126,"column":8},"end":{"line":132,"column":11}},"37":{"start":{"line":136,"column":4},"end":{"line":136,"column":49}},"38":{"start":{"line":137,"column":4},"end":{"line":137,"column":21}},"39":{"start":{"line":144,"column":4},"end":{"line":144,"column":50}},"40":{"start":{"line":151,"column":22},"end":{"line":151,"column":32}},"41":{"start":{"line":152,"column":4},"end":{"line":161,"column":5}},"42":{"start":{"line":153,"column":21},"end":{"line":153,"column":25}},"43":{"start":{"line":154,"column":6},"end":{"line":158,"column":8}},"44":{"start":{"line":160,"column":6},"end":{"line":160,"column":18}},"45":{"start":{"line":169,"column":26},"end":{"line":169,"column":76}},"46":{"start":{"line":170,"column":4},"end":{"line":173,"column":5}},"47":{"start":{"line":180,"column":4},"end":{"line":182,"column":5}},"48":{"start":{"line":181,"column":6},"end":{"line":181,"column":66}},"49":{"start":{"line":183,"column":4},"end":{"line":183,"column":64}},"50":{"start":{"line":190,"column":4},"end":{"line":190,"column":39}},"51":{"start":{"line":198,"column":4},"end":{"line":203,"column":6}},"52":{"start":{"line":210,"column":4},"end":{"line":212,"column":5}},"53":{"start":{"line":211,"column":6},"end":{"line":211,"column":66}},"54":{"start":{"line":214,"column":4},"end":{"line":219,"column":5}},"55":{"start":{"line":216,"column":6},"end":{"line":218,"column":7}},"56":{"start":{"line":217,"column":8},"end":{"line":217,"column":67}},"57":{"start":{"line":226,"column":4},"end":{"line":230,"column":6}}},"fnMap":{"0":{"name":"(anonymous_0)","decl":{"start":{"line":29,"column":2},"end":{"line":29,"column":3}},"loc":{"start":{"line":29,"column":27},"end":{"line":33,"column":3}},"line":29},"1":{"name":"(anonymous_1)","decl":{"start":{"line":39,"column":2},"end":{"line":39,"column":3}},"loc":{"start":{"line":39,"column":48},"end":{"line":138,"column":3}},"line":39},"2":{"name":"(anonymous_2)","decl":{"start":{"line":53,"column":68},"end":{"line":53,"column":69}},"loc":{"start":{"line":53,"column":74},"end":{"line":55,"column":7}},"line":53},"3":{"name":"(anonymous_3)","decl":{"start":{"line":58,"column":74},"end":{"line":58,"column":75}},"loc":{"start":{"line":58,"column":80},"end":{"line":60,"column":7}},"line":58},"4":{"name":"(anonymous_4)","decl":{"start":{"line":63,"column":64},"end":{"line":63,"column":65}},"loc":{"start":{"line":63,"column":70},"end":{"line":65,"column":7}},"line":63},"5":{"name":"(anonymous_5)","decl":{"start":{"line":68,"column":66},"end":{"line":68,"column":67}},"loc":{"start":{"line":68,"column":72},"end":{"line":70,"column":7}},"line":68},"6":{"name":"(anonymous_6)","decl":{"start":{"line":73,"column":70},"end":{"line":73,"column":71}},"loc":{"start":{"line":73,"column":76},"end":{"line":75,"column":7}},"line":73},"7":{"name":"(anonymous_7)","decl":{"start":{"line":78,"column":66},"end":{"line":78,"column":67}},"loc":{"start":{"line":78,"column":72},"end":{"line":80,"column":7}},"line":78},"8":{"name":"(anonymous_8)","decl":{"start":{"line":83,"column":64},"end":{"line":83,"column":65}},"loc":{"start":{"line":83,"column":70},"end":{"line":89,"column":7}},"line":83},"9":{"name":"(anonymous_9)","decl":{"start":{"line":92,"column":60},"end":{"line":92,"column":61}},"loc":{"start":{"line":92,"column":66},"end":{"line":102,"column":7}},"line":92},"10":{"name":"(anonymous_10)","decl":{"start":{"line":105,"column":64},"end":{"line":105,"column":65}},"loc":{"start":{"line":105,"column":70},"end":{"line":107,"column":7}},"line":105},"11":{"name":"(anonymous_11)","decl":{"start":{"line":110,"column":74},"end":{"line":110,"column":75}},"loc":{"start":{"line":110,"column":80},"end":{"line":117,"column":7}},"line":110},"12":{"name":"(anonymous_12)","decl":{"start":{"line":143,"column":2},"end":{"line":143,"column":3}},"loc":{"start":{"line":143,"column":26},"end":{"line":145,"column":3}},"line":143},"13":{"name":"(anonymous_13)","decl":{"start":{"line":150,"column":2},"end":{"line":150,"column":3}},"loc":{"start":{"line":150,"column":18},"end":{"line":162,"column":3}},"line":150},"14":{"name":"(anonymous_14)","decl":{"start":{"line":167,"column":2},"end":{"line":167,"column":3}},"loc":{"start":{"line":167,"column":45},"end":{"line":174,"column":3}},"line":167},"15":{"name":"(anonymous_15)","decl":{"start":{"line":179,"column":2},"end":{"line":179,"column":3}},"loc":{"start":{"line":179,"column":23},"end":{"line":184,"column":3}},"line":179},"16":{"name":"(anonymous_16)","decl":{"start":{"line":189,"column":2},"end":{"line":189,"column":3}},"loc":{"start":{"line":189,"column":23},"end":{"line":191,"column":3}},"line":189},"17":{"name":"(anonymous_17)","decl":{"start":{"line":196,"column":2},"end":{"line":196,"column":3}},"loc":{"start":{"line":196,"column":36},"end":{"line":204,"column":3}},"line":196},"18":{"name":"(anonymous_18)","decl":{"start":{"line":209,"column":2},"end":{"line":209,"column":3}},"loc":{"start":{"line":209,"column":38},"end":{"line":220,"column":3}},"line":209},"19":{"name":"(anonymous_19)","decl":{"start":{"line":225,"column":2},"end":{"line":225,"column":3}},"loc":{"start":{"line":225,"column":22},"end":{"line":231,"column":3}},"line":225}},"branchMap":{"0":{"loc":{"start":{"line":40,"column":4},"end":{"line":42,"column":5}},"type":"if","locations":[{"start":{"line":40,"column":4},"end":{"line":42,"column":5}},{"start":{},"end":{}}],"line":40},"1":{"loc":{"start":{"line":93,"column":8},"end":{"line":101,"column":9}},"type":"if","locations":[{"start":{"line":93,"column":8},"end":{"line":101,"column":9}},{"start":{},"end":{}}],"line":93},"2":{"loc":{"start":{"line":125,"column":6},"end":{"line":133,"column":7}},"type":"if","locations":[{"start":{"line":125,"column":6},"end":{"line":133,"column":7}},{"start":{},"end":{}}],"line":125},"3":{"loc":{"start":{"line":144,"column":11},"end":{"line":144,"column":49}},"type":"binary-expr","locations":[{"start":{"line":144,"column":11},"end":{"line":144,"column":41}},{"start":{"line":144,"column":45},"end":{"line":144,"column":49}}],"line":144},"4":{"loc":{"start":{"line":170,"column":4},"end":{"line":173,"column":5}},"type":"if","locations":[{"start":{"line":170,"column":4},"end":{"line":173,"column":5}},{"start":{},"end":{}}],"line":170},"5":{"loc":{"start":{"line":170,"column":8},"end":{"line":170,"column":46}},"type":"binary-expr","locations":[{"start":{"line":170,"column":8},"end":{"line":170,"column":22}},{"start":{"line":170,"column":26},"end":{"line":170,"column":46}}],"line":170},"6":{"loc":{"start":{"line":180,"column":4},"end":{"line":182,"column":5}},"type":"if","locations":[{"start":{"line":180,"column":4},"end":{"line":182,"column":5}},{"start":{},"end":{}}],"line":180},"7":{"loc":{"start":{"line":210,"column":4},"end":{"line":212,"column":5}},"type":"if","locations":[{"start":{"line":210,"column":4},"end":{"line":212,"column":5}},{"start":{},"end":{}}],"line":210},"8":{"loc":{"start":{"line":210,"column":8},"end":{"line":210,"column":45}},"type":"binary-expr","locations":[{"start":{"line":210,"column":8},"end":{"line":210,"column":15}},{"start":{"line":210,"column":19},"end":{"line":210,"column":45}}],"line":210},"9":{"loc":{"start":{"line":214,"column":4},"end":{"line":219,"column":5}},"type":"if","locations":[{"start":{"line":214,"column":4},"end":{"line":219,"column":5}},{"start":{},"end":{}}],"line":214},"10":{"loc":{"start":{"line":214,"column":8},"end":{"line":214,"column":55}},"type":"binary-expr","locations":[{"start":{"line":214,"column":8},"end":{"line":214,"column":28}},{"start":{"line":214,"column":32},"end":{"line":214,"column":55}}],"line":214},"11":{"loc":{"start":{"line":216,"column":6},"end":{"line":218,"column":7}},"type":"if","locations":[{"start":{"line":216,"column":6},"end":{"line":218,"column":7}},{"start":{},"end":{}}],"line":216}},"s":{"0":2,"1":2,"2":32,"3":32,"4":32,"5":13,"6":1,"7":12,"8":12,"9":12,"10":12,"11":10,"12":10,"13":10,"14":10,"15":10,"16":10,"17":10,"18":10,"19":10,"20":10,"21":2,"22":2,"23":2,"24":2,"25":2,"26":0,"27":0,"28":0,"29":0,"30":0,"31":0,"32":12,"33":12,"34":12,"35":12,"36":12,"37":0,"38":0,"39":0,"40":66,"41":66,"42":66,"43":54,"44":12,"45":10,"46":10,"47":10,"48":0,"49":10,"50":12,"51":10,"52":10,"53":0,"54":10,"55":8,"56":8,"57":1},"f":{"0":32,"1":13,"2":12,"3":10,"4":10,"5":10,"6":10,"7":10,"8":2,"9":2,"10":0,"11":0,"12":0,"13":66,"14":10,"15":10,"16":12,"17":10,"18":10,"19":1},"b":{"0":[1,12],"1":[2,0],"2":[12,0],"3":[0,0],"4":[2,8],"5":[10,2],"6":[0,10],"7":[0,10],"8":[10,10],"9":[8,2],"10":[10,3],"11":[8,0]},"inputSourceMap":null,"_coverageSchema":"1a1c01bbd47fc00a2c39e90264f33305004495a9","hash":"3bde01382b654ea7777bd03bed97cc8e97cd364f"}
,"/Users/jimmymalhan/Doc/claude-debug-copilot/src/paperclip/approval-state-machine.js": {"path":"/Users/jimmymalhan/Doc/claude-debug-copilot/src/paperclip/approval-state-machine.js","statementMap":{"0":{"start":{"line":10,"column":21},"end":{"line":19,"column":1}},"1":{"start":{"line":21,"column":19},"end":{"line":21,"column":37}},"2":{"start":{"line":22,"column":30},"end":{"line":22,"column":48}},"3":{"start":{"line":26,"column":4},"end":{"line":26,"column":25}},"4":{"start":{"line":27,"column":4},"end":{"line":27,"column":27}},"5":{"start":{"line":28,"column":4},"end":{"line":28,"column":22}},"6":{"start":{"line":29,"column":4},"end":{"line":29,"column":35}},"7":{"start":{"line":30,"column":4},"end":{"line":30,"column":37}},"8":{"start":{"line":31,"column":4},"end":{"line":35,"column":6}},"9":{"start":{"line":39,"column":4},"end":{"line":39,"column":22}},"10":{"start":{"line":43,"column":4},"end":{"line":43,"column":32}},"11":{"start":{"line":47,"column":4},"end":{"line":47,"column":29}},"12":{"start":{"line":51,"column":22},"end":{"line":51,"column":32}},"13":{"start":{"line":54,"column":4},"end":{"line":78,"column":5}},"14":{"start":{"line":56,"column":8},"end":{"line":56,"column":46}},"15":{"start":{"line":57,"column":8},"end":{"line":57,"column":14}},"16":{"start":{"line":59,"column":8},"end":{"line":59,"column":52}},"17":{"start":{"line":60,"column":8},"end":{"line":60,"column":14}},"18":{"start":{"line":62,"column":8},"end":{"line":62,"column":53}},"19":{"start":{"line":63,"column":8},"end":{"line":63,"column":14}},"20":{"start":{"line":65,"column":8},"end":{"line":65,"column":55}},"21":{"start":{"line":66,"column":8},"end":{"line":66,"column":14}},"22":{"start":{"line":68,"column":8},"end":{"line":68,"column":48}},"23":{"start":{"line":69,"column":8},"end":{"line":69,"column":14}},"24":{"start":{"line":71,"column":8},"end":{"line":71,"column":51}},"25":{"start":{"line":72,"column":8},"end":{"line":72,"column":14}},"26":{"start":{"line":75,"column":8},"end":{"line":75,"column":79}},"27":{"start":{"line":77,"column":8},"end":{"line":77,"column":55}},"28":{"start":{"line":80,"column":4},"end":{"line":82,"column":5}},"29":{"start":{"line":81,"column":6},"end":{"line":81,"column":58}},"30":{"start":{"line":84,"column":4},"end":{"line":89,"column":7}},"31":{"start":{"line":91,"column":4},"end":{"line":91,"column":25}},"32":{"start":{"line":92,"column":4},"end":{"line":92,"column":37}},"33":{"start":{"line":94,"column":4},"end":{"line":103,"column":5}},"34":{"start":{"line":95,"column":6},"end":{"line":102,"column":9}},"35":{"start":{"line":105,"column":4},"end":{"line":105,"column":19}},"36":{"start":{"line":109,"column":20},"end":{"line":109,"column":52}},"37":{"start":{"line":110,"column":20},"end":{"line":110,"column":83}},"38":{"start":{"line":112,"column":4},"end":{"line":114,"column":5}},"39":{"start":{"line":113,"column":6},"end":{"line":113,"column":50}},"40":{"start":{"line":115,"column":4},"end":{"line":115,"column":22}},"41":{"start":{"line":119,"column":4},"end":{"line":121,"column":5}},"42":{"start":{"line":120,"column":6},"end":{"line":120,"column":30}},"43":{"start":{"line":122,"column":4},"end":{"line":124,"column":5}},"44":{"start":{"line":123,"column":6},"end":{"line":123,"column":25}},"45":{"start":{"line":125,"column":4},"end":{"line":125,"column":75}},"46":{"start":{"line":129,"column":4},"end":{"line":141,"column":5}},"47":{"start":{"line":130,"column":6},"end":{"line":130,"column":45}},"48":{"start":{"line":131,"column":6},"end":{"line":133,"column":7}},"49":{"start":{"line":132,"column":8},"end":{"line":132,"column":25}},"50":{"start":{"line":134,"column":6},"end":{"line":136,"column":7}},"51":{"start":{"line":135,"column":8},"end":{"line":135,"column":33}},"52":{"start":{"line":137,"column":6},"end":{"line":139,"column":7}},"53":{"start":{"line":138,"column":8},"end":{"line":138,"column":33}},"54":{"start":{"line":140,"column":6},"end":{"line":140,"column":68}},"55":{"start":{"line":142,"column":4},"end":{"line":144,"column":5}},"56":{"start":{"line":143,"column":6},"end":{"line":143,"column":25}},"57":{"start":{"line":145,"column":4},"end":{"line":145,"column":82}},"58":{"start":{"line":149,"column":4},"end":{"line":161,"column":5}},"59":{"start":{"line":150,"column":6},"end":{"line":150,"column":46}},"60":{"start":{"line":151,"column":6},"end":{"line":153,"column":7}},"61":{"start":{"line":152,"column":8},"end":{"line":152,"column":35}},"62":{"start":{"line":154,"column":6},"end":{"line":159,"column":7}},"63":{"start":{"line":155,"column":8},"end":{"line":157,"column":9}},"64":{"start":{"line":156,"column":10},"end":{"line":156,"column":29}},"65":{"start":{"line":158,"column":8},"end":{"line":158,"column":35}},"66":{"start":{"line":160,"column":6},"end":{"line":160,"column":69}},"67":{"start":{"line":162,"column":4},"end":{"line":164,"column":5}},"68":{"start":{"line":163,"column":6},"end":{"line":163,"column":25}},"69":{"start":{"line":165,"column":4},"end":{"line":165,"column":83}},"70":{"start":{"line":169,"column":4},"end":{"line":182,"column":5}},"71":{"start":{"line":170,"column":6},"end":{"line":170,"column":46}},"72":{"start":{"line":171,"column":6},"end":{"line":177,"column":7}},"73":{"start":{"line":172,"column":8},"end":{"line":174,"column":9}},"74":{"start":{"line":173,"column":10},"end":{"line":173,"column":28}},"75":{"start":{"line":176,"column":8},"end":{"line":176,"column":27}},"76":{"start":{"line":178,"column":6},"end":{"line":180,"column":7}},"77":{"start":{"line":179,"column":8},"end":{"line":179,"column":25}},"78":{"start":{"line":181,"column":6},"end":{"line":181,"column":69}},"79":{"start":{"line":183,"column":4},"end":{"line":185,"column":5}},"80":{"start":{"line":184,"column":6},"end":{"line":184,"column":25}},"81":{"start":{"line":186,"column":4},"end":{"line":186,"column":85}},"82":{"start":{"line":190,"column":4},"end":{"line":201,"column":5}},"83":{"start":{"line":191,"column":6},"end":{"line":196,"column":7}},"84":{"start":{"line":192,"column":8},"end":{"line":194,"column":9}},"85":{"start":{"line":193,"column":10},"end":{"line":193,"column":74}},"86":{"start":{"line":195,"column":8},"end":{"line":195,"column":31}},"87":{"start":{"line":197,"column":6},"end":{"line":199,"column":7}},"88":{"start":{"line":198,"column":8},"end":{"line":198,"column":25}},"89":{"start":{"line":200,"column":6},"end":{"line":200,"column":67}},"90":{"start":{"line":202,"column":4},"end":{"line":205,"column":5}},"91":{"start":{"line":204,"column":6},"end":{"line":204,"column":23}},"92":{"start":{"line":206,"column":4},"end":{"line":206,"column":77}},"93":{"start":{"line":210,"column":4},"end":{"line":212,"column":5}},"94":{"start":{"line":211,"column":6},"end":{"line":211,"column":24}},"95":{"start":{"line":213,"column":4},"end":{"line":213,"column":81}}},"fnMap":{"0":{"name":"(anonymous_0)","decl":{"start":{"line":25,"column":2},"end":{"line":25,"column":3}},"loc":{"start":{"line":25,"column":35},"end":{"line":36,"column":3}},"line":25},"1":{"name":"(anonymous_1)","decl":{"start":{"line":38,"column":2},"end":{"line":38,"column":3}},"loc":{"start":{"line":38,"column":13},"end":{"line":40,"column":3}},"line":38},"2":{"name":"(anonymous_2)","decl":{"start":{"line":42,"column":2},"end":{"line":42,"column":3}},"loc":{"start":{"line":42,"column":16},"end":{"line":44,"column":3}},"line":42},"3":{"name":"(anonymous_3)","decl":{"start":{"line":46,"column":2},"end":{"line":46,"column":3}},"loc":{"start":{"line":46,"column":15},"end":{"line":48,"column":3}},"line":46},"4":{"name":"(anonymous_4)","decl":{"start":{"line":50,"column":2},"end":{"line":50,"column":3}},"loc":{"start":{"line":50,"column":21},"end":{"line":106,"column":3}},"line":50},"5":{"name":"(anonymous_5)","decl":{"start":{"line":108,"column":2},"end":{"line":108,"column":3}},"loc":{"start":{"line":108,"column":17},"end":{"line":116,"column":3}},"line":108},"6":{"name":"(anonymous_6)","decl":{"start":{"line":118,"column":2},"end":{"line":118,"column":3}},"loc":{"start":{"line":118,"column":25},"end":{"line":126,"column":3}},"line":118},"7":{"name":"(anonymous_7)","decl":{"start":{"line":128,"column":2},"end":{"line":128,"column":3}},"loc":{"start":{"line":128,"column":31},"end":{"line":146,"column":3}},"line":128},"8":{"name":"(anonymous_8)","decl":{"start":{"line":148,"column":2},"end":{"line":148,"column":3}},"loc":{"start":{"line":148,"column":32},"end":{"line":166,"column":3}},"line":148},"9":{"name":"(anonymous_9)","decl":{"start":{"line":168,"column":2},"end":{"line":168,"column":3}},"loc":{"start":{"line":168,"column":34},"end":{"line":187,"column":3}},"line":168},"10":{"name":"(anonymous_10)","decl":{"start":{"line":189,"column":2},"end":{"line":189,"column":3}},"loc":{"start":{"line":189,"column":27},"end":{"line":207,"column":3}},"line":189},"11":{"name":"(anonymous_11)","decl":{"start":{"line":209,"column":2},"end":{"line":209,"column":3}},"loc":{"start":{"line":209,"column":30},"end":{"line":214,"column":3}},"line":209}},"branchMap":{"0":{"loc":{"start":{"line":54,"column":4},"end":{"line":78,"column":5}},"type":"switch","locations":[{"start":{"line":55,"column":6},"end":{"line":57,"column":14}},{"start":{"line":58,"column":6},"end":{"line":60,"column":14}},{"start":{"line":61,"column":6},"end":{"line":63,"column":14}},{"start":{"line":64,"column":6},"end":{"line":66,"column":14}},{"start":{"line":67,"column":6},"end":{"line":69,"column":14}},{"start":{"line":70,"column":6},"end":{"line":72,"column":14}},{"start":{"line":73,"column":6},"end":{"line":73,"column":22}},{"start":{"line":74,"column":6},"end":{"line":75,"column":79}},{"start":{"line":76,"column":6},"end":{"line":77,"column":55}}],"line":54},"1":{"loc":{"start":{"line":80,"column":4},"end":{"line":82,"column":5}},"type":"if","locations":[{"start":{"line":80,"column":4},"end":{"line":82,"column":5}},{"start":{},"end":{}}],"line":80},"2":{"loc":{"start":{"line":94,"column":4},"end":{"line":103,"column":5}},"type":"if","locations":[{"start":{"line":94,"column":4},"end":{"line":103,"column":5}},{"start":{},"end":{}}],"line":94},"3":{"loc":{"start":{"line":110,"column":20},"end":{"line":110,"column":83}},"type":"cond-expr","locations":[{"start":{"line":110,"column":49},"end":{"line":110,"column":70}},{"start":{"line":110,"column":73},"end":{"line":110,"column":83}}],"line":110},"4":{"loc":{"start":{"line":112,"column":4},"end":{"line":114,"column":5}},"type":"if","locations":[{"start":{"line":112,"column":4},"end":{"line":114,"column":5}},{"start":{},"end":{}}],"line":112},"5":{"loc":{"start":{"line":119,"column":4},"end":{"line":121,"column":5}},"type":"if","locations":[{"start":{"line":119,"column":4},"end":{"line":121,"column":5}},{"start":{},"end":{}}],"line":119},"6":{"loc":{"start":{"line":122,"column":4},"end":{"line":124,"column":5}},"type":"if","locations":[{"start":{"line":122,"column":4},"end":{"line":124,"column":5}},{"start":{},"end":{}}],"line":122},"7":{"loc":{"start":{"line":129,"column":4},"end":{"line":141,"column":5}},"type":"if","locations":[{"start":{"line":129,"column":4},"end":{"line":141,"column":5}},{"start":{},"end":{}}],"line":129},"8":{"loc":{"start":{"line":131,"column":6},"end":{"line":133,"column":7}},"type":"if","locations":[{"start":{"line":131,"column":6},"end":{"line":133,"column":7}},{"start":{},"end":{}}],"line":131},"9":{"loc":{"start":{"line":134,"column":6},"end":{"line":136,"column":7}},"type":"if","locations":[{"start":{"line":134,"column":6},"end":{"line":136,"column":7}},{"start":{},"end":{}}],"line":134},"10":{"loc":{"start":{"line":137,"column":6},"end":{"line":139,"column":7}},"type":"if","locations":[{"start":{"line":137,"column":6},"end":{"line":139,"column":7}},{"start":{},"end":{}}],"line":137},"11":{"loc":{"start":{"line":142,"column":4},"end":{"line":144,"column":5}},"type":"if","locations":[{"start":{"line":142,"column":4},"end":{"line":144,"column":5}},{"start":{},"end":{}}],"line":142},"12":{"loc":{"start":{"line":149,"column":4},"end":{"line":161,"column":5}},"type":"if","locations":[{"start":{"line":149,"column":4},"end":{"line":161,"column":5}},{"start":{},"end":{}}],"line":149},"13":{"loc":{"start":{"line":151,"column":6},"end":{"line":153,"column":7}},"type":"if","locations":[{"start":{"line":151,"column":6},"end":{"line":153,"column":7}},{"start":{},"end":{}}],"line":151},"14":{"loc":{"start":{"line":154,"column":6},"end":{"line":159,"column":7}},"type":"if","locations":[{"start":{"line":154,"column":6},"end":{"line":159,"column":7}},{"start":{},"end":{}}],"line":154},"15":{"loc":{"start":{"line":155,"column":8},"end":{"line":157,"column":9}},"type":"if","locations":[{"start":{"line":155,"column":8},"end":{"line":157,"column":9}},{"start":{},"end":{}}],"line":155},"16":{"loc":{"start":{"line":162,"column":4},"end":{"line":164,"column":5}},"type":"if","locations":[{"start":{"line":162,"column":4},"end":{"line":164,"column":5}},{"start":{},"end":{}}],"line":162},"17":{"loc":{"start":{"line":169,"column":4},"end":{"line":182,"column":5}},"type":"if","locations":[{"start":{"line":169,"column":4},"end":{"line":182,"column":5}},{"start":{},"end":{}}],"line":169},"18":{"loc":{"start":{"line":171,"column":6},"end":{"line":177,"column":7}},"type":"if","locations":[{"start":{"line":171,"column":6},"end":{"line":177,"column":7}},{"start":{},"end":{}}],"line":171},"19":{"loc":{"start":{"line":172,"column":8},"end":{"line":174,"column":9}},"type":"if","locations":[{"start":{"line":172,"column":8},"end":{"line":174,"column":9}},{"start":{},"end":{}}],"line":172},"20":{"loc":{"start":{"line":178,"column":6},"end":{"line":180,"column":7}},"type":"if","locations":[{"start":{"line":178,"column":6},"end":{"line":180,"column":7}},{"start":{},"end":{}}],"line":178},"21":{"loc":{"start":{"line":183,"column":4},"end":{"line":185,"column":5}},"type":"if","locations":[{"start":{"line":183,"column":4},"end":{"line":185,"column":5}},{"start":{},"end":{}}],"line":183},"22":{"loc":{"start":{"line":190,"column":4},"end":{"line":201,"column":5}},"type":"if","locations":[{"start":{"line":190,"column":4},"end":{"line":201,"column":5}},{"start":{},"end":{}}],"line":190},"23":{"loc":{"start":{"line":191,"column":6},"end":{"line":196,"column":7}},"type":"if","locations":[{"start":{"line":191,"column":6},"end":{"line":196,"column":7}},{"start":{},"end":{}}],"line":191},"24":{"loc":{"start":{"line":192,"column":8},"end":{"line":194,"column":9}},"type":"if","locations":[{"start":{"line":192,"column":8},"end":{"line":194,"column":9}},{"start":{},"end":{}}],"line":192},"25":{"loc":{"start":{"line":197,"column":6},"end":{"line":199,"column":7}},"type":"if","locations":[{"start":{"line":197,"column":6},"end":{"line":199,"column":7}},{"start":{},"end":{}}],"line":197},"26":{"loc":{"start":{"line":202,"column":4},"end":{"line":205,"column":5}},"type":"if","locations":[{"start":{"line":202,"column":4},"end":{"line":205,"column":5}},{"start":{},"end":{}}],"line":202},"27":{"loc":{"start":{"line":210,"column":4},"end":{"line":212,"column":5}},"type":"if","locations":[{"start":{"line":210,"column":4},"end":{"line":212,"column":5}},{"start":{},"end":{}}],"line":210}},"s":{"0":3,"1":3,"2":3,"3":64,"4":64,"5":64,"6":64,"7":64,"8":64,"9":41,"10":2,"11":1,"12":122,"13":122,"14":40,"15":39,"16":37,"17":35,"18":20,"19":18,"20":15,"21":13,"22":7,"23":4,"24":2,"25":1,"26":1,"27":0,"28":110,"29":0,"30":110,"31":110,"32":110,"33":110,"34":108,"35":110,"36":3,"37":3,"38":3,"39":2,"40":1,"41":40,"42":38,"43":2,"44":1,"45":1,"46":37,"47":27,"48":27,"49":3,"50":24,"51":21,"52":3,"53":2,"54":1,"55":10,"56":9,"57":1,"58":20,"59":18,"60":18,"61":15,"62":3,"63":2,"64":1,"65":1,"66":1,"67":2,"68":1,"69":1,"70":15,"71":13,"72":13,"73":11,"74":10,"75":1,"76":2,"77":1,"78":1,"79":2,"80":1,"81":1,"82":7,"83":5,"84":3,"85":1,"86":2,"87":2,"88":1,"89":1,"90":2,"91":1,"92":1,"93":2,"94":1,"95":1},"f":{"0":64,"1":41,"2":2,"3":1,"4":122,"5":3,"6":40,"7":37,"8":20,"9":15,"10":7,"11":2},"b":{"0":[40,37,20,15,7,2,0,1,0],"1":[0,110],"2":[108,2],"3":[1,2],"4":[2,1],"5":[38,2],"6":[1,1],"7":[27,10],"8":[3,24],"9":[21,3],"10":[2,1],"11":[9,1],"12":[18,2],"13":[15,3],"14":[2,1],"15":[1,1],"16":[1,1],"17":[13,2],"18":[11,2],"19":[10,1],"20":[1,1],"21":[1,1],"22":[5,2],"23":[3,2],"24":[1,2],"25":[1,1],"26":[1,1],"27":[1,1]},"inputSourceMap":null,"_coverageSchema":"1a1c01bbd47fc00a2c39e90264f33305004495a9","hash":"7816ac92e55a2565d54241c709f3714e88857368"}
,"/Users/jimmymalhan/Doc/claude-debug-copilot/src/paperclip/audit-logger.js": {"path":"/Users/jimmymalhan/Doc/claude-debug-copilot/src/paperclip/audit-logger.js","statementMap":{"0":{"start":{"line":8,"column":24},"end":{"line":8,"column":46}},"1":{"start":{"line":10,"column":21},"end":{"line":21,"column":1}},"2":{"start":{"line":25,"column":4},"end":{"line":25,"column":23}},"3":{"start":{"line":26,"column":4},"end":{"line":26,"column":25}},"4":{"start":{"line":30,"column":4},"end":{"line":32,"column":5}},"5":{"start":{"line":31,"column":6},"end":{"line":31,"column":75}},"6":{"start":{"line":34,"column":4},"end":{"line":34,"column":31}},"7":{"start":{"line":36,"column":19},"end":{"line":40,"column":5}},"8":{"start":{"line":43,"column":4},"end":{"line":43,"column":26}},"9":{"start":{"line":44,"column":4},"end":{"line":44,"column":31}},"10":{"start":{"line":46,"column":4},"end":{"line":46,"column":21}},"11":{"start":{"line":50,"column":18},"end":{"line":50,"column":36}},"12":{"start":{"line":52,"column":4},"end":{"line":54,"column":5}},"13":{"start":{"line":53,"column":6},"end":{"line":53,"column":63}},"14":{"start":{"line":53,"column":36},"end":{"line":53,"column":61}},"15":{"start":{"line":55,"column":4},"end":{"line":57,"column":5}},"16":{"start":{"line":56,"column":6},"end":{"line":56,"column":65}},"17":{"start":{"line":56,"column":36},"end":{"line":56,"column":63}},"18":{"start":{"line":58,"column":4},"end":{"line":60,"column":5}},"19":{"start":{"line":59,"column":6},"end":{"line":59,"column":63}},"20":{"start":{"line":59,"column":36},"end":{"line":59,"column":61}},"21":{"start":{"line":61,"column":4},"end":{"line":64,"column":5}},"22":{"start":{"line":62,"column":24},"end":{"line":62,"column":47}},"23":{"start":{"line":63,"column":6},"end":{"line":63,"column":72}},"24":{"start":{"line":63,"column":36},"end":{"line":63,"column":70}},"25":{"start":{"line":66,"column":4},"end":{"line":66,"column":19}},"26":{"start":{"line":70,"column":4},"end":{"line":70,"column":30}},"27":{"start":{"line":74,"column":4},"end":{"line":74,"column":32}},"28":{"start":{"line":78,"column":4},"end":{"line":78,"column":24}},"29":{"start":{"line":83,"column":4},"end":{"line":87,"column":5}},"30":{"start":{"line":83,"column":17},"end":{"line":83,"column":18}},"31":{"start":{"line":84,"column":6},"end":{"line":86,"column":7}},"32":{"start":{"line":85,"column":8},"end":{"line":85,"column":122}},"33":{"start":{"line":90,"column":4},"end":{"line":94,"column":5}},"34":{"start":{"line":91,"column":6},"end":{"line":93,"column":7}},"35":{"start":{"line":92,"column":8},"end":{"line":92,"column":77}},"36":{"start":{"line":96,"column":4},"end":{"line":96,"column":61}},"37":{"start":{"line":100,"column":4},"end":{"line":104,"column":5}},"38":{"start":{"line":101,"column":6},"end":{"line":103,"column":7}},"39":{"start":{"line":102,"column":8},"end":{"line":102,"column":72}},"40":{"start":{"line":106,"column":4},"end":{"line":108,"column":5}},"41":{"start":{"line":107,"column":6},"end":{"line":107,"column":107}}},"fnMap":{"0":{"name":"(anonymous_0)","decl":{"start":{"line":24,"column":2},"end":{"line":24,"column":3}},"loc":{"start":{"line":24,"column":16},"end":{"line":27,"column":3}},"line":24},"1":{"name":"(anonymous_1)","decl":{"start":{"line":29,"column":2},"end":{"line":29,"column":3}},"loc":{"start":{"line":29,"column":13},"end":{"line":47,"column":3}},"line":29},"2":{"name":"(anonymous_2)","decl":{"start":{"line":49,"column":2},"end":{"line":49,"column":3}},"loc":{"start":{"line":49,"column":22},"end":{"line":67,"column":3}},"line":49},"3":{"name":"(anonymous_3)","decl":{"start":{"line":53,"column":31},"end":{"line":53,"column":32}},"loc":{"start":{"line":53,"column":36},"end":{"line":53,"column":61}},"line":53},"4":{"name":"(anonymous_4)","decl":{"start":{"line":56,"column":31},"end":{"line":56,"column":32}},"loc":{"start":{"line":56,"column":36},"end":{"line":56,"column":63}},"line":56},"5":{"name":"(anonymous_5)","decl":{"start":{"line":59,"column":31},"end":{"line":59,"column":32}},"loc":{"start":{"line":59,"column":36},"end":{"line":59,"column":61}},"line":59},"6":{"name":"(anonymous_6)","decl":{"start":{"line":63,"column":31},"end":{"line":63,"column":32}},"loc":{"start":{"line":63,"column":36},"end":{"line":63,"column":70}},"line":63},"7":{"name":"(anonymous_7)","decl":{"start":{"line":69,"column":2},"end":{"line":69,"column":3}},"loc":{"start":{"line":69,"column":11},"end":{"line":71,"column":3}},"line":69},"8":{"name":"(anonymous_8)","decl":{"start":{"line":73,"column":2},"end":{"line":73,"column":3}},"loc":{"start":{"line":73,"column":10},"end":{"line":75,"column":3}},"line":73},"9":{"name":"(anonymous_9)","decl":{"start":{"line":77,"column":2},"end":{"line":77,"column":3}},"loc":{"start":{"line":77,"column":9},"end":{"line":79,"column":3}},"line":77},"10":{"name":"(anonymous_10)","decl":{"start":{"line":81,"column":2},"end":{"line":81,"column":3}},"loc":{"start":{"line":81,"column":20},"end":{"line":97,"column":3}},"line":81},"11":{"name":"(anonymous_11)","decl":{"start":{"line":99,"column":2},"end":{"line":99,"column":3}},"loc":{"start":{"line":99,"column":24},"end":{"line":109,"column":3}},"line":99}},"branchMap":{"0":{"loc":{"start":{"line":30,"column":4},"end":{"line":32,"column":5}},"type":"if","locations":[{"start":{"line":30,"column":4},"end":{"line":32,"column":5}},{"start":{},"end":{}}],"line":30},"1":{"loc":{"start":{"line":49,"column":8},"end":{"line":49,"column":20}},"type":"default-arg","locations":[{"start":{"line":49,"column":18},"end":{"line":49,"column":20}}],"line":49},"2":{"loc":{"start":{"line":52,"column":4},"end":{"line":54,"column":5}},"type":"if","locations":[{"start":{"line":52,"column":4},"end":{"line":54,"column":5}},{"start":{},"end":{}}],"line":52},"3":{"loc":{"start":{"line":55,"column":4},"end":{"line":57,"column":5}},"type":"if","locations":[{"start":{"line":55,"column":4},"end":{"line":57,"column":5}},{"start":{},"end":{}}],"line":55},"4":{"loc":{"start":{"line":58,"column":4},"end":{"line":60,"column":5}},"type":"if","locations":[{"start":{"line":58,"column":4},"end":{"line":60,"column":5}},{"start":{},"end":{}}],"line":58},"5":{"loc":{"start":{"line":61,"column":4},"end":{"line":64,"column":5}},"type":"if","locations":[{"start":{"line":61,"column":4},"end":{"line":64,"column":5}},{"start":{},"end":{}}],"line":61},"6":{"loc":{"start":{"line":84,"column":6},"end":{"line":86,"column":7}},"type":"if","locations":[{"start":{"line":84,"column":6},"end":{"line":86,"column":7}},{"start":{},"end":{}}],"line":84},"7":{"loc":{"start":{"line":91,"column":6},"end":{"line":93,"column":7}},"type":"if","locations":[{"start":{"line":91,"column":6},"end":{"line":93,"column":7}},{"start":{},"end":{}}],"line":91},"8":{"loc":{"start":{"line":101,"column":6},"end":{"line":103,"column":7}},"type":"if","locations":[{"start":{"line":101,"column":6},"end":{"line":103,"column":7}},{"start":{},"end":{}}],"line":101},"9":{"loc":{"start":{"line":106,"column":4},"end":{"line":108,"column":5}},"type":"if","locations":[{"start":{"line":106,"column":4},"end":{"line":108,"column":5}},{"start":{},"end":{}}],"line":106}},"s":{"0":4,"1":4,"2":135,"3":135,"4":232,"5":1,"6":231,"7":196,"8":196,"9":196,"10":196,"11":17,"12":17,"13":8,"14":16,"15":17,"16":3,"17":5,"18":17,"19":4,"20":12,"21":17,"22":1,"23":1,"24":2,"25":17,"26":2,"27":3,"28":1,"29":2,"30":2,"31":6,"32":0,"33":2,"34":6,"35":0,"36":2,"37":231,"38":461,"39":2,"40":229,"41":33},"f":{"0":135,"1":232,"2":17,"3":16,"4":5,"5":12,"6":2,"7":2,"8":3,"9":1,"10":2,"11":231},"b":{"0":[1,231],"1":[1],"2":[8,9],"3":[3,14],"4":[4,13],"5":[1,16],"6":[0,6],"7":[0,6],"8":[2,459],"9":[33,196]},"inputSourceMap":null,"_coverageSchema":"1a1c01bbd47fc00a2c39e90264f33305004495a9","hash":"1e15043142251368fb2424395e4094f5dbab3b83"}
,"/Users/jimmymalhan/Doc/claude-debug-copilot/src/paperclip/budget-enforcer.js": {"path":"/Users/jimmymalhan/Doc/claude-debug-copilot/src/paperclip/budget-enforcer.js","statementMap":{"0":{"start":{"line":8,"column":23},"end":{"line":13,"column":1}},"1":{"start":{"line":15,"column":25},"end":{"line":19,"column":1}},"2":{"start":{"line":23,"column":4},"end":{"line":23,"column":51}},"3":{"start":{"line":24,"column":4},"end":{"line":24,"column":35}},"4":{"start":{"line":25,"column":4},"end":{"line":30,"column":6}},"5":{"start":{"line":31,"column":4},"end":{"line":31,"column":21}},"6":{"start":{"line":35,"column":4},"end":{"line":35,"column":50}},"7":{"start":{"line":39,"column":4},"end":{"line":39,"column":28}},"8":{"start":{"line":43,"column":23},"end":{"line":43,"column":51}},"9":{"start":{"line":44,"column":29},"end":{"line":44,"column":71}},"10":{"start":{"line":45,"column":31},"end":{"line":45,"column":75}},"11":{"start":{"line":48,"column":4},"end":{"line":51,"column":5}},"12":{"start":{"line":49,"column":6},"end":{"line":49,"column":83}},"13":{"start":{"line":50,"column":6},"end":{"line":50,"column":63}},"14":{"start":{"line":54,"column":4},"end":{"line":57,"column":5}},"15":{"start":{"line":55,"column":6},"end":{"line":55,"column":89}},"16":{"start":{"line":56,"column":6},"end":{"line":56,"column":65}},"17":{"start":{"line":60,"column":4},"end":{"line":63,"column":5}},"18":{"start":{"line":61,"column":6},"end":{"line":61,"column":120}},"19":{"start":{"line":62,"column":6},"end":{"line":62,"column":65}},"20":{"start":{"line":66,"column":4},"end":{"line":66,"column":43}},"21":{"start":{"line":67,"column":4},"end":{"line":67,"column":46}},"22":{"start":{"line":69,"column":4},"end":{"line":69,"column":84}},"23":{"start":{"line":70,"column":4},"end":{"line":70,"column":56}},"24":{"start":{"line":74,"column":23},"end":{"line":74,"column":51}},"25":{"start":{"line":77,"column":4},"end":{"line":77,"column":74}},"26":{"start":{"line":78,"column":4},"end":{"line":78,"column":37}},"27":{"start":{"line":80,"column":4},"end":{"line":80,"column":80}},"28":{"start":{"line":81,"column":4},"end":{"line":81,"column":40}},"29":{"start":{"line":84,"column":21},"end":{"line":84,"column":68}},"30":{"start":{"line":85,"column":4},"end":{"line":91,"column":5}},"31":{"start":{"line":86,"column":6},"end":{"line":86,"column":69}},"32":{"start":{"line":87,"column":11},"end":{"line":91,"column":5}},"33":{"start":{"line":88,"column":6},"end":{"line":88,"column":88}},"34":{"start":{"line":89,"column":11},"end":{"line":91,"column":5}},"35":{"start":{"line":90,"column":6},"end":{"line":90,"column":87}},"36":{"start":{"line":93,"column":4},"end":{"line":93,"column":80}},"37":{"start":{"line":94,"column":4},"end":{"line":94,"column":115}},"38":{"start":{"line":98,"column":4},"end":{"line":98,"column":59}},"39":{"start":{"line":102,"column":4},"end":{"line":105,"column":5}},"40":{"start":{"line":103,"column":6},"end":{"line":103,"column":43}},"41":{"start":{"line":104,"column":6},"end":{"line":104,"column":46}},"42":{"start":{"line":106,"column":4},"end":{"line":106,"column":28}},"43":{"start":{"line":107,"column":4},"end":{"line":107,"column":31}},"44":{"start":{"line":108,"column":4},"end":{"line":108,"column":21}},"45":{"start":{"line":109,"column":4},"end":{"line":109,"column":76}},"46":{"start":{"line":113,"column":4},"end":{"line":115,"column":5}},"47":{"start":{"line":114,"column":6},"end":{"line":114,"column":61}},"48":{"start":{"line":116,"column":4},"end":{"line":116,"column":38}},"49":{"start":{"line":120,"column":4},"end":{"line":124,"column":7}},"50":{"start":{"line":128,"column":4},"end":{"line":130,"column":5}},"51":{"start":{"line":129,"column":6},"end":{"line":129,"column":84}}},"fnMap":{"0":{"name":"(anonymous_0)","decl":{"start":{"line":22,"column":2},"end":{"line":22,"column":3}},"loc":{"start":{"line":22,"column":59},"end":{"line":32,"column":3}},"line":22},"1":{"name":"(anonymous_1)","decl":{"start":{"line":34,"column":2},"end":{"line":34,"column":3}},"loc":{"start":{"line":34,"column":13},"end":{"line":36,"column":3}},"line":34},"2":{"name":"(anonymous_2)","decl":{"start":{"line":38,"column":2},"end":{"line":38,"column":3}},"loc":{"start":{"line":38,"column":14},"end":{"line":40,"column":3}},"line":38},"3":{"name":"(anonymous_3)","decl":{"start":{"line":42,"column":2},"end":{"line":42,"column":3}},"loc":{"start":{"line":42,"column":50},"end":{"line":71,"column":3}},"line":42},"4":{"name":"(anonymous_4)","decl":{"start":{"line":73,"column":2},"end":{"line":73,"column":3}},"loc":{"start":{"line":73,"column":46},"end":{"line":95,"column":3}},"line":73},"5":{"name":"(anonymous_5)","decl":{"start":{"line":97,"column":2},"end":{"line":97,"column":3}},"loc":{"start":{"line":97,"column":21},"end":{"line":99,"column":3}},"line":97},"6":{"name":"(anonymous_6)","decl":{"start":{"line":101,"column":2},"end":{"line":101,"column":3}},"loc":{"start":{"line":101,"column":15},"end":{"line":110,"column":3}},"line":101},"7":{"name":"(anonymous_7)","decl":{"start":{"line":112,"column":2},"end":{"line":112,"column":3}},"loc":{"start":{"line":112,"column":26},"end":{"line":117,"column":3}},"line":112},"8":{"name":"(anonymous_8)","decl":{"start":{"line":119,"column":2},"end":{"line":119,"column":3}},"loc":{"start":{"line":119,"column":32},"end":{"line":125,"column":3}},"line":119},"9":{"name":"(anonymous_9)","decl":{"start":{"line":127,"column":2},"end":{"line":127,"column":3}},"loc":{"start":{"line":127,"column":25},"end":{"line":131,"column":3}},"line":127}},"branchMap":{"0":{"loc":{"start":{"line":22,"column":14},"end":{"line":22,"column":37}},"type":"default-arg","locations":[{"start":{"line":22,"column":23},"end":{"line":22,"column":37}}],"line":22},"1":{"loc":{"start":{"line":22,"column":39},"end":{"line":22,"column":57}},"type":"default-arg","locations":[{"start":{"line":22,"column":53},"end":{"line":22,"column":57}}],"line":22},"2":{"loc":{"start":{"line":44,"column":29},"end":{"line":44,"column":71}},"type":"binary-expr","locations":[{"start":{"line":44,"column":29},"end":{"line":44,"column":66}},{"start":{"line":44,"column":70},"end":{"line":44,"column":71}}],"line":44},"3":{"loc":{"start":{"line":48,"column":4},"end":{"line":51,"column":5}},"type":"if","locations":[{"start":{"line":48,"column":4},"end":{"line":51,"column":5}},{"start":{},"end":{}}],"line":48},"4":{"loc":{"start":{"line":54,"column":4},"end":{"line":57,"column":5}},"type":"if","locations":[{"start":{"line":54,"column":4},"end":{"line":57,"column":5}},{"start":{},"end":{}}],"line":54},"5":{"loc":{"start":{"line":60,"column":4},"end":{"line":63,"column":5}},"type":"if","locations":[{"start":{"line":60,"column":4},"end":{"line":63,"column":5}},{"start":{},"end":{}}],"line":60},"6":{"loc":{"start":{"line":85,"column":4},"end":{"line":91,"column":5}},"type":"if","locations":[{"start":{"line":85,"column":4},"end":{"line":91,"column":5}},{"start":{"line":87,"column":11},"end":{"line":91,"column":5}}],"line":85},"7":{"loc":{"start":{"line":87,"column":11},"end":{"line":91,"column":5}},"type":"if","locations":[{"start":{"line":87,"column":11},"end":{"line":91,"column":5}},{"start":{"line":89,"column":11},"end":{"line":91,"column":5}}],"line":87},"8":{"loc":{"start":{"line":89,"column":11},"end":{"line":91,"column":5}},"type":"if","locations":[{"start":{"line":89,"column":11},"end":{"line":91,"column":5}},{"start":{},"end":{}}],"line":89},"9":{"loc":{"start":{"line":113,"column":4},"end":{"line":115,"column":5}},"type":"if","locations":[{"start":{"line":113,"column":4},"end":{"line":115,"column":5}},{"start":{},"end":{}}],"line":113},"10":{"loc":{"start":{"line":128,"column":4},"end":{"line":130,"column":5}},"type":"if","locations":[{"start":{"line":128,"column":4},"end":{"line":130,"column":5}},{"start":{},"end":{}}],"line":128}},"s":{"0":3,"1":3,"2":74,"3":74,"4":74,"5":74,"6":2,"7":4,"8":10,"9":10,"10":10,"11":10,"12":0,"13":0,"14":10,"15":1,"16":1,"17":9,"18":1,"19":1,"20":8,"21":8,"22":8,"23":8,"24":9,"25":9,"26":9,"27":9,"28":9,"29":9,"30":9,"31":2,"32":7,"33":1,"34":6,"35":1,"36":9,"37":9,"38":3,"39":1,"40":1,"41":1,"42":1,"43":1,"44":1,"45":1,"46":19,"47":10,"48":19,"49":6,"50":18,"51":16},"f":{"0":74,"1":2,"2":4,"3":10,"4":9,"5":3,"6":1,"7":19,"8":6,"9":18},"b":{"0":[2],"1":[2],"2":[10,0],"3":[0,10],"4":[1,9],"5":[1,8],"6":[2,7],"7":[1,6],"8":[1,5],"9":[10,9],"10":[16,2]},"inputSourceMap":null,"_coverageSchema":"1a1c01bbd47fc00a2c39e90264f33305004495a9","hash":"283c04c17835bc1cfe7684ba613e9dc838f49cb7"}
,"/Users/jimmymalhan/Doc/claude-debug-copilot/src/paperclip/error-handler.js": {"path":"/Users/jimmymalhan/Doc/claude-debug-copilot/src/paperclip/error-handler.js","statementMap":{"0":{"start":{"line":7,"column":20},"end":{"line":13,"column":1}},"1":{"start":{"line":15,"column":21},"end":{"line":20,"column":1}},"2":{"start":{"line":24,"column":4},"end":{"line":24,"column":35}},"3":{"start":{"line":25,"column":4},"end":{"line":25,"column":23}},"4":{"start":{"line":33,"column":16},"end":{"line":33,"column":41}},"5":{"start":{"line":35,"column":4},"end":{"line":55,"column":5}},"6":{"start":{"line":35,"column":23},"end":{"line":35,"column":24}},"7":{"start":{"line":36,"column":6},"end":{"line":54,"column":7}},"8":{"start":{"line":37,"column":23},"end":{"line":37,"column":33}},"9":{"start":{"line":38,"column":8},"end":{"line":44,"column":9}},"10":{"start":{"line":39,"column":10},"end":{"line":43,"column":13}},"11":{"start":{"line":45,"column":8},"end":{"line":45,"column":64}},"12":{"start":{"line":47,"column":8},"end":{"line":47,"column":26}},"13":{"start":{"line":48,"column":8},"end":{"line":48,"column":48}},"14":{"start":{"line":50,"column":8},"end":{"line":53,"column":9}},"15":{"start":{"line":51,"column":10},"end":{"line":51,"column":35}},"16":{"start":{"line":52,"column":10},"end":{"line":52,"column":90}},"17":{"start":{"line":58,"column":4},"end":{"line":58,"column":54}},"18":{"start":{"line":65,"column":20},"end":{"line":65,"column":39}},"19":{"start":{"line":67,"column":4},"end":{"line":69,"column":5}},"20":{"start":{"line":68,"column":6},"end":{"line":68,"column":42}},"21":{"start":{"line":70,"column":4},"end":{"line":72,"column":5}},"22":{"start":{"line":71,"column":6},"end":{"line":71,"column":42}},"23":{"start":{"line":73,"column":4},"end":{"line":75,"column":5}},"24":{"start":{"line":74,"column":6},"end":{"line":74,"column":39}},"25":{"start":{"line":76,"column":4},"end":{"line":78,"column":5}},"26":{"start":{"line":77,"column":6},"end":{"line":77,"column":40}},"27":{"start":{"line":79,"column":4},"end":{"line":79,"column":39}},"28":{"start":{"line":86,"column":17},"end":{"line":86,"column":42}},"29":{"start":{"line":87,"column":4},"end":{"line":87,"column":82}},"30":{"start":{"line":94,"column":22},"end":{"line":94,"column":47}},"31":{"start":{"line":95,"column":23},"end":{"line":101,"column":5}},"32":{"start":{"line":103,"column":4},"end":{"line":108,"column":5}},"33":{"start":{"line":104,"column":6},"end":{"line":107,"column":9}},"34":{"start":{"line":110,"column":4},"end":{"line":110,"column":22}},"35":{"start":{"line":117,"column":4},"end":{"line":117,"column":30}},"36":{"start":{"line":124,"column":4},"end":{"line":124,"column":23}},"37":{"start":{"line":131,"column":18},"end":{"line":138,"column":5}},"38":{"start":{"line":140,"column":4},"end":{"line":140,"column":30}},"39":{"start":{"line":142,"column":4},"end":{"line":147,"column":5}},"40":{"start":{"line":143,"column":6},"end":{"line":146,"column":9}},"41":{"start":{"line":154,"column":4},"end":{"line":157,"column":7}},"42":{"start":{"line":164,"column":4},"end":{"line":164,"column":59}},"43":{"start":{"line":164,"column":34},"end":{"line":164,"column":57}},"44":{"start":{"line":171,"column":4},"end":{"line":177,"column":6}},"45":{"start":{"line":184,"column":20},"end":{"line":190,"column":5}},"46":{"start":{"line":191,"column":4},"end":{"line":191,"column":53}}},"fnMap":{"0":{"name":"(anonymous_0)","decl":{"start":{"line":23,"column":2},"end":{"line":23,"column":3}},"loc":{"start":{"line":23,"column":34},"end":{"line":26,"column":3}},"line":23},"1":{"name":"(anonymous_1)","decl":{"start":{"line":31,"column":2},"end":{"line":31,"column":3}},"loc":{"start":{"line":31,"column":43},"end":{"line":59,"column":3}},"line":31},"2":{"name":"(anonymous_2)","decl":{"start":{"line":64,"column":2},"end":{"line":64,"column":3}},"loc":{"start":{"line":64,"column":23},"end":{"line":80,"column":3}},"line":64},"3":{"name":"(anonymous_3)","decl":{"start":{"line":85,"column":2},"end":{"line":85,"column":3}},"loc":{"start":{"line":85,"column":21},"end":{"line":88,"column":3}},"line":85},"4":{"name":"(anonymous_4)","decl":{"start":{"line":93,"column":2},"end":{"line":93,"column":3}},"loc":{"start":{"line":93,"column":41},"end":{"line":111,"column":3}},"line":93},"5":{"name":"(anonymous_5)","decl":{"start":{"line":116,"column":2},"end":{"line":116,"column":3}},"loc":{"start":{"line":116,"column":16},"end":{"line":118,"column":3}},"line":116},"6":{"name":"(anonymous_6)","decl":{"start":{"line":123,"column":2},"end":{"line":123,"column":3}},"loc":{"start":{"line":123,"column":18},"end":{"line":125,"column":3}},"line":123},"7":{"name":"(anonymous_7)","decl":{"start":{"line":130,"column":2},"end":{"line":130,"column":3}},"loc":{"start":{"line":130,"column":37},"end":{"line":148,"column":3}},"line":130},"8":{"name":"(anonymous_8)","decl":{"start":{"line":153,"column":2},"end":{"line":153,"column":3}},"loc":{"start":{"line":153,"column":14},"end":{"line":158,"column":3}},"line":153},"9":{"name":"(anonymous_9)","decl":{"start":{"line":163,"column":2},"end":{"line":163,"column":3}},"loc":{"start":{"line":163,"column":13},"end":{"line":165,"column":3}},"line":163},"10":{"name":"(anonymous_10)","decl":{"start":{"line":164,"column":23},"end":{"line":164,"column":24}},"loc":{"start":{"line":164,"column":34},"end":{"line":164,"column":57}},"line":164},"11":{"name":"(anonymous_11)","decl":{"start":{"line":170,"column":2},"end":{"line":170,"column":3}},"loc":{"start":{"line":170,"column":36},"end":{"line":178,"column":3}},"line":170},"12":{"name":"(anonymous_12)","decl":{"start":{"line":183,"column":2},"end":{"line":183,"column":3}},"loc":{"start":{"line":183,"column":34},"end":{"line":192,"column":3}},"line":183}},"branchMap":{"0":{"loc":{"start":{"line":23,"column":14},"end":{"line":23,"column":32}},"type":"default-arg","locations":[{"start":{"line":23,"column":28},"end":{"line":23,"column":32}}],"line":23},"1":{"loc":{"start":{"line":31,"column":29},"end":{"line":31,"column":41}},"type":"default-arg","locations":[{"start":{"line":31,"column":39},"end":{"line":31,"column":41}}],"line":31},"2":{"loc":{"start":{"line":38,"column":8},"end":{"line":44,"column":9}},"type":"if","locations":[{"start":{"line":38,"column":8},"end":{"line":44,"column":9}},{"start":{},"end":{}}],"line":38},"3":{"loc":{"start":{"line":50,"column":8},"end":{"line":53,"column":9}},"type":"if","locations":[{"start":{"line":50,"column":8},"end":{"line":53,"column":9}},{"start":{},"end":{}}],"line":50},"4":{"loc":{"start":{"line":65,"column":20},"end":{"line":65,"column":39}},"type":"binary-expr","locations":[{"start":{"line":65,"column":20},"end":{"line":65,"column":33}},{"start":{"line":65,"column":37},"end":{"line":65,"column":39}}],"line":65},"5":{"loc":{"start":{"line":67,"column":4},"end":{"line":69,"column":5}},"type":"if","locations":[{"start":{"line":67,"column":4},"end":{"line":69,"column":5}},{"start":{},"end":{}}],"line":67},"6":{"loc":{"start":{"line":67,"column":8},"end":{"line":67,"column":69}},"type":"binary-expr","locations":[{"start":{"line":67,"column":8},"end":{"line":67,"column":38}},{"start":{"line":67,"column":42},"end":{"line":67,"column":69}}],"line":67},"7":{"loc":{"start":{"line":70,"column":4},"end":{"line":72,"column":5}},"type":"if","locations":[{"start":{"line":70,"column":4},"end":{"line":72,"column":5}},{"start":{},"end":{}}],"line":70},"8":{"loc":{"start":{"line":70,"column":8},"end":{"line":70,"column":68}},"type":"binary-expr","locations":[{"start":{"line":70,"column":8},"end":{"line":70,"column":38}},{"start":{"line":70,"column":42},"end":{"line":70,"column":68}}],"line":70},"9":{"loc":{"start":{"line":73,"column":4},"end":{"line":75,"column":5}},"type":"if","locations":[{"start":{"line":73,"column":4},"end":{"line":75,"column":5}},{"start":{},"end":{}}],"line":73},"10":{"loc":{"start":{"line":76,"column":4},"end":{"line":78,"column":5}},"type":"if","locations":[{"start":{"line":76,"column":4},"end":{"line":78,"column":5}},{"start":{},"end":{}}],"line":76},"11":{"loc":{"start":{"line":76,"column":8},"end":{"line":76,"column":66}},"type":"binary-expr","locations":[{"start":{"line":76,"column":8},"end":{"line":76,"column":36}},{"start":{"line":76,"column":40},"end":{"line":76,"column":66}}],"line":76},"12":{"loc":{"start":{"line":93,"column":18},"end":{"line":93,"column":39}},"type":"default-arg","locations":[{"start":{"line":93,"column":26},"end":{"line":93,"column":39}}],"line":93},"13":{"loc":{"start":{"line":103,"column":4},"end":{"line":108,"column":5}},"type":"if","locations":[{"start":{"line":103,"column":4},"end":{"line":108,"column":5}},{"start":{},"end":{}}],"line":103},"14":{"loc":{"start":{"line":142,"column":4},"end":{"line":147,"column":5}},"type":"if","locations":[{"start":{"line":142,"column":4},"end":{"line":147,"column":5}},{"start":{},"end":{}}],"line":142},"15":{"loc":{"start":{"line":191,"column":11},"end":{"line":191,"column":52}},"type":"binary-expr","locations":[{"start":{"line":191,"column":11},"end":{"line":191,"column":29}},{"start":{"line":191,"column":33},"end":{"line":191,"column":52}}],"line":191}},"s":{"0":2,"1":2,"2":39,"3":39,"4":7,"5":7,"6":7,"7":19,"8":19,"9":3,"10":1,"11":3,"12":16,"13":16,"14":16,"15":13,"16":12,"17":3,"18":48,"19":48,"20":3,"21":45,"22":12,"23":33,"24":23,"25":10,"26":2,"27":8,"28":20,"29":20,"30":4,"31":4,"32":4,"33":0,"34":4,"35":2,"36":1,"37":16,"38":16,"39":16,"40":0,"41":2,"42":13,"43":13,"44":3,"45":4,"46":4},"f":{"0":39,"1":7,"2":48,"3":20,"4":4,"5":2,"6":1,"7":16,"8":2,"9":13,"10":13,"11":3,"12":4},"b":{"0":[21],"1":[6],"2":[1,2],"3":[13,3],"4":[48,0],"5":[3,45],"6":[48,47],"7":[12,33],"8":[45,34],"9":[23,10],"10":[2,8],"11":[10,10],"12":[4],"13":[0,4],"14":[0,16],"15":[4,0]},"inputSourceMap":null,"_coverageSchema":"1a1c01bbd47fc00a2c39e90264f33305004495a9","hash":"83e42c60bfc0572163eb57888e935b31b571c57a"}
,"/Users/jimmymalhan/Doc/claude-debug-copilot/src/paperclip/extended-agent-framework.js": {"path":"/Users/jimmymalhan/Doc/claude-debug-copilot/src/paperclip/extended-agent-framework.js","statementMap":{"0":{"start":{"line":9,"column":4},"end":{"line":9,"column":28}},"1":{"start":{"line":10,"column":4},"end":{"line":10,"column":29}},"2":{"start":{"line":11,"column":4},"end":{"line":11,"column":38}},"3":{"start":{"line":13,"column":4},"end":{"line":13,"column":33}},"4":{"start":{"line":20,"column":23},"end":{"line":20,"column":69}},"5":{"start":{"line":21,"column":27},"end":{"line":21,"column":76}},"6":{"start":{"line":23,"column":4},"end":{"line":36,"column":7}},"7":{"start":{"line":24,"column":6},"end":{"line":29,"column":9}},"8":{"start":{"line":31,"column":6},"end":{"line":35,"column":9}},"9":{"start":{"line":43,"column":4},"end":{"line":45,"column":5}},"10":{"start":{"line":44,"column":6},"end":{"line":44,"column":51}},"11":{"start":{"line":47,"column":16},"end":{"line":47,"column":42}},"12":{"start":{"line":48,"column":4},"end":{"line":53,"column":7}},"13":{"start":{"line":55,"column":4},"end":{"line":55,"column":41}},"14":{"start":{"line":62,"column":4},"end":{"line":62,"column":44}},"15":{"start":{"line":69,"column":18},"end":{"line":69,"column":42}},"16":{"start":{"line":70,"column":4},"end":{"line":70,"column":61}},"17":{"start":{"line":70,"column":16},"end":{"line":70,"column":61}},"18":{"start":{"line":71,"column":4},"end":{"line":71,"column":46}},"19":{"start":{"line":78,"column":4},"end":{"line":83,"column":7}},"20":{"start":{"line":85,"column":4},"end":{"line":89,"column":7}},"21":{"start":{"line":91,"column":4},"end":{"line":91,"column":41}},"22":{"start":{"line":98,"column":19},"end":{"line":98,"column":21}},"23":{"start":{"line":99,"column":4},"end":{"line":101,"column":7}},"24":{"start":{"line":100,"column":6},"end":{"line":100,"column":59}},"25":{"start":{"line":102,"column":4},"end":{"line":102,"column":18}},"26":{"start":{"line":109,"column":25},"end":{"line":118,"column":5}},"27":{"start":{"line":119,"column":4},"end":{"line":119,"column":39}},"28":{"start":{"line":126,"column":25},"end":{"line":135,"column":5}},"29":{"start":{"line":136,"column":4},"end":{"line":136,"column":39}},"30":{"start":{"line":143,"column":25},"end":{"line":152,"column":5}},"31":{"start":{"line":153,"column":4},"end":{"line":153,"column":39}},"32":{"start":{"line":160,"column":25},"end":{"line":169,"column":5}},"33":{"start":{"line":170,"column":4},"end":{"line":170,"column":39}}},"fnMap":{"0":{"name":"(anonymous_0)","decl":{"start":{"line":8,"column":2},"end":{"line":8,"column":3}},"loc":{"start":{"line":8,"column":16},"end":{"line":14,"column":3}},"line":8},"1":{"name":"(anonymous_1)","decl":{"start":{"line":19,"column":2},"end":{"line":19,"column":3}},"loc":{"start":{"line":19,"column":26},"end":{"line":37,"column":3}},"line":19},"2":{"name":"(anonymous_2)","decl":{"start":{"line":23,"column":47},"end":{"line":23,"column":48}},"loc":{"start":{"line":23,"column":58},"end":{"line":36,"column":5}},"line":23},"3":{"name":"(anonymous_3)","decl":{"start":{"line":42,"column":2},"end":{"line":42,"column":3}},"loc":{"start":{"line":42,"column":46},"end":{"line":56,"column":3}},"line":42},"4":{"name":"(anonymous_4)","decl":{"start":{"line":61,"column":2},"end":{"line":61,"column":3}},"loc":{"start":{"line":61,"column":17},"end":{"line":63,"column":3}},"line":61},"5":{"name":"(anonymous_5)","decl":{"start":{"line":68,"column":2},"end":{"line":68,"column":3}},"loc":{"start":{"line":68,"column":32},"end":{"line":72,"column":3}},"line":68},"6":{"name":"(anonymous_6)","decl":{"start":{"line":77,"column":2},"end":{"line":77,"column":3}},"loc":{"start":{"line":77,"column":35},"end":{"line":92,"column":3}},"line":77},"7":{"name":"(anonymous_7)","decl":{"start":{"line":97,"column":2},"end":{"line":97,"column":3}},"loc":{"start":{"line":97,"column":24},"end":{"line":103,"column":3}},"line":97},"8":{"name":"(anonymous_8)","decl":{"start":{"line":99,"column":24},"end":{"line":99,"column":25}},"loc":{"start":{"line":99,"column":44},"end":{"line":101,"column":5}},"line":99},"9":{"name":"(anonymous_9)","decl":{"start":{"line":108,"column":2},"end":{"line":108,"column":3}},"loc":{"start":{"line":108,"column":28},"end":{"line":120,"column":3}},"line":108},"10":{"name":"(anonymous_10)","decl":{"start":{"line":125,"column":2},"end":{"line":125,"column":3}},"loc":{"start":{"line":125,"column":32},"end":{"line":137,"column":3}},"line":125},"11":{"name":"(anonymous_11)","decl":{"start":{"line":142,"column":2},"end":{"line":142,"column":3}},"loc":{"start":{"line":142,"column":33},"end":{"line":154,"column":3}},"line":142},"12":{"name":"(anonymous_12)","decl":{"start":{"line":159,"column":2},"end":{"line":159,"column":3}},"loc":{"start":{"line":159,"column":35},"end":{"line":171,"column":3}},"line":159}},"branchMap":{"0":{"loc":{"start":{"line":43,"column":4},"end":{"line":45,"column":5}},"type":"if","locations":[{"start":{"line":43,"column":4},"end":{"line":45,"column":5}},{"start":{},"end":{}}],"line":43},"1":{"loc":{"start":{"line":70,"column":4},"end":{"line":70,"column":61}},"type":"if","locations":[{"start":{"line":70,"column":4},"end":{"line":70,"column":61}},{"start":{},"end":{}}],"line":70},"2":{"loc":{"start":{"line":86,"column":12},"end":{"line":86,"column":43}},"type":"binary-expr","locations":[{"start":{"line":86,"column":12},"end":{"line":86,"column":37}},{"start":{"line":86,"column":41},"end":{"line":86,"column":43}}],"line":86},"3":{"loc":{"start":{"line":87,"column":13},"end":{"line":87,"column":45}},"type":"binary-expr","locations":[{"start":{"line":87,"column":13},"end":{"line":87,"column":39}},{"start":{"line":87,"column":43},"end":{"line":87,"column":45}}],"line":87},"4":{"loc":{"start":{"line":88,"column":15},"end":{"line":88,"column":49}},"type":"binary-expr","locations":[{"start":{"line":88,"column":15},"end":{"line":88,"column":43}},{"start":{"line":88,"column":47},"end":{"line":88,"column":49}}],"line":88},"5":{"loc":{"start":{"line":119,"column":11},"end":{"line":119,"column":38}},"type":"binary-expr","locations":[{"start":{"line":119,"column":11},"end":{"line":119,"column":32}},{"start":{"line":119,"column":36},"end":{"line":119,"column":38}}],"line":119},"6":{"loc":{"start":{"line":136,"column":11},"end":{"line":136,"column":38}},"type":"binary-expr","locations":[{"start":{"line":136,"column":11},"end":{"line":136,"column":32}},{"start":{"line":136,"column":36},"end":{"line":136,"column":38}}],"line":136},"7":{"loc":{"start":{"line":153,"column":11},"end":{"line":153,"column":38}},"type":"binary-expr","locations":[{"start":{"line":153,"column":11},"end":{"line":153,"column":32}},{"start":{"line":153,"column":36},"end":{"line":153,"column":38}}],"line":153},"8":{"loc":{"start":{"line":170,"column":11},"end":{"line":170,"column":38}},"type":"binary-expr","locations":[{"start":{"line":170,"column":11},"end":{"line":170,"column":32}},{"start":{"line":170,"column":36},"end":{"line":170,"column":38}}],"line":170}},"s":{"0":20,"1":20,"2":20,"3":20,"4":20,"5":20,"6":20,"7":160,"8":160,"9":1,"10":0,"11":1,"12":1,"13":1,"14":5,"15":0,"16":0,"17":0,"18":0,"19":3,"20":3,"21":3,"22":1,"23":1,"24":8,"25":1,"26":160,"27":160,"28":160,"29":160,"30":160,"31":160,"32":160,"33":160},"f":{"0":20,"1":20,"2":160,"3":1,"4":5,"5":0,"6":3,"7":1,"8":8,"9":160,"10":160,"11":160,"12":160},"b":{"0":[0,1],"1":[0,0],"2":[3,2],"3":[3,2],"4":[3,3],"5":[160,0],"6":[160,0],"7":[160,0],"8":[160,0]},"inputSourceMap":null,"_coverageSchema":"1a1c01bbd47fc00a2c39e90264f33305004495a9","hash":"997009206092a7592cfc68484c3b13a061e72f90"}
,"/Users/jimmymalhan/Doc/claude-debug-copilot/src/paperclip/file-access-guard.js": {"path":"/Users/jimmymalhan/Doc/claude-debug-copilot/src/paperclip/file-access-guard.js","statementMap":{"0":{"start":{"line":11,"column":43},"end":{"line":19,"column":1}},"1":{"start":{"line":21,"column":26},"end":{"line":47,"column":1}},"2":{"start":{"line":55,"column":4},"end":{"line":55,"column":56}},"3":{"start":{"line":64,"column":4},"end":{"line":68,"column":5}},"4":{"start":{"line":65,"column":6},"end":{"line":67,"column":7}},"5":{"start":{"line":66,"column":8},"end":{"line":66,"column":21}},"6":{"start":{"line":70,"column":4},"end":{"line":70,"column":57}},"7":{"start":{"line":79,"column":4},"end":{"line":81,"column":5}},"8":{"start":{"line":80,"column":6},"end":{"line":80,"column":19}},"9":{"start":{"line":83,"column":18},"end":{"line":83,"column":44}},"10":{"start":{"line":86,"column":4},"end":{"line":92,"column":5}},"11":{"start":{"line":87,"column":6},"end":{"line":91,"column":7}},"12":{"start":{"line":88,"column":8},"end":{"line":90,"column":9}},"13":{"start":{"line":89,"column":10},"end":{"line":89,"column":23}},"14":{"start":{"line":95,"column":22},"end":{"line":95,"column":44}},"15":{"start":{"line":96,"column":4},"end":{"line":98,"column":5}},"16":{"start":{"line":97,"column":6},"end":{"line":97,"column":19}},"17":{"start":{"line":101,"column":4},"end":{"line":105,"column":5}},"18":{"start":{"line":102,"column":6},"end":{"line":104,"column":7}},"19":{"start":{"line":103,"column":8},"end":{"line":103,"column":20}},"20":{"start":{"line":108,"column":4},"end":{"line":108,"column":17}},"21":{"start":{"line":118,"column":27},"end":{"line":118,"column":56}},"22":{"start":{"line":119,"column":30},"end":{"line":119,"column":58}},"23":{"start":{"line":122,"column":23},"end":{"line":122,"column":40}},"24":{"start":{"line":125,"column":34},"end":{"line":125,"column":50}},"25":{"start":{"line":126,"column":34},"end":{"line":126,"column":50}},"26":{"start":{"line":127,"column":32},"end":{"line":127,"column":46}},"27":{"start":{"line":129,"column":4},"end":{"line":129,"column":72}},"28":{"start":{"line":130,"column":4},"end":{"line":130,"column":70}},"29":{"start":{"line":131,"column":4},"end":{"line":131,"column":68}},"30":{"start":{"line":134,"column":4},"end":{"line":134,"column":69}},"31":{"start":{"line":138,"column":4},"end":{"line":141,"column":6}},"32":{"start":{"line":142,"column":4},"end":{"line":142,"column":86}},"33":{"start":{"line":143,"column":4},"end":{"line":143,"column":89}},"34":{"start":{"line":144,"column":4},"end":{"line":144,"column":86}},"35":{"start":{"line":146,"column":18},"end":{"line":146,"column":49}},"36":{"start":{"line":147,"column":4},"end":{"line":147,"column":38}},"37":{"start":{"line":155,"column":4},"end":{"line":158,"column":6}},"38":{"start":{"line":165,"column":18},"end":{"line":165,"column":44}},"39":{"start":{"line":166,"column":4},"end":{"line":168,"column":5}},"40":{"start":{"line":167,"column":6},"end":{"line":167,"column":16}},"41":{"start":{"line":169,"column":4},"end":{"line":169,"column":28}},"42":{"start":{"line":176,"column":18},"end":{"line":176,"column":44}},"43":{"start":{"line":177,"column":4},"end":{"line":179,"column":5}},"44":{"start":{"line":178,"column":6},"end":{"line":178,"column":16}},"45":{"start":{"line":180,"column":4},"end":{"line":180,"column":29}},"46":{"start":{"line":187,"column":23},"end":{"line":187,"column":49}},"47":{"start":{"line":188,"column":4},"end":{"line":190,"column":5}},"48":{"start":{"line":189,"column":6},"end":{"line":189,"column":18}},"49":{"start":{"line":191,"column":4},"end":{"line":196,"column":6}},"50":{"start":{"line":203,"column":23},"end":{"line":203,"column":25}},"51":{"start":{"line":205,"column":4},"end":{"line":219,"column":5}},"52":{"start":{"line":206,"column":24},"end":{"line":206,"column":62}},"53":{"start":{"line":207,"column":6},"end":{"line":218,"column":7}},"54":{"start":{"line":208,"column":8},"end":{"line":217,"column":9}},"55":{"start":{"line":209,"column":10},"end":{"line":216,"column":11}},"56":{"start":{"line":210,"column":12},"end":{"line":215,"column":15}},"57":{"start":{"line":221,"column":4},"end":{"line":221,"column":22}}},"fnMap":{"0":{"name":"(anonymous_0)","decl":{"start":{"line":54,"column":2},"end":{"line":54,"column":3}},"loc":{"start":{"line":54,"column":36},"end":{"line":56,"column":3}},"line":54},"1":{"name":"(anonymous_1)","decl":{"start":{"line":62,"column":2},"end":{"line":62,"column":3}},"loc":{"start":{"line":62,"column":37},"end":{"line":71,"column":3}},"line":62},"2":{"name":"(anonymous_2)","decl":{"start":{"line":77,"column":2},"end":{"line":77,"column":3}},"loc":{"start":{"line":77,"column":52},"end":{"line":109,"column":3}},"line":77},"3":{"name":"(anonymous_3)","decl":{"start":{"line":116,"column":2},"end":{"line":116,"column":3}},"loc":{"start":{"line":116,"column":41},"end":{"line":148,"column":3}},"line":116},"4":{"name":"(anonymous_4)","decl":{"start":{"line":154,"column":2},"end":{"line":154,"column":3}},"loc":{"start":{"line":154,"column":49},"end":{"line":159,"column":3}},"line":154},"5":{"name":"(anonymous_5)","decl":{"start":{"line":164,"column":2},"end":{"line":164,"column":3}},"loc":{"start":{"line":164,"column":38},"end":{"line":170,"column":3}},"line":164},"6":{"name":"(anonymous_6)","decl":{"start":{"line":175,"column":2},"end":{"line":175,"column":3}},"loc":{"start":{"line":175,"column":39},"end":{"line":181,"column":3}},"line":175},"7":{"name":"(anonymous_7)","decl":{"start":{"line":186,"column":2},"end":{"line":186,"column":3}},"loc":{"start":{"line":186,"column":38},"end":{"line":197,"column":3}},"line":186},"8":{"name":"(anonymous_8)","decl":{"start":{"line":202,"column":2},"end":{"line":202,"column":3}},"loc":{"start":{"line":202,"column":45},"end":{"line":222,"column":3}},"line":202}},"branchMap":{"0":{"loc":{"start":{"line":65,"column":6},"end":{"line":67,"column":7}},"type":"if","locations":[{"start":{"line":65,"column":6},"end":{"line":67,"column":7}},{"start":{},"end":{}}],"line":65},"1":{"loc":{"start":{"line":79,"column":4},"end":{"line":81,"column":5}},"type":"if","locations":[{"start":{"line":79,"column":4},"end":{"line":81,"column":5}},{"start":{},"end":{}}],"line":79},"2":{"loc":{"start":{"line":86,"column":4},"end":{"line":92,"column":5}},"type":"if","locations":[{"start":{"line":86,"column":4},"end":{"line":92,"column":5}},{"start":{},"end":{}}],"line":86},"3":{"loc":{"start":{"line":86,"column":8},"end":{"line":86,"column":61}},"type":"binary-expr","locations":[{"start":{"line":86,"column":8},"end":{"line":86,"column":25}},{"start":{"line":86,"column":29},"end":{"line":86,"column":61}}],"line":86},"4":{"loc":{"start":{"line":88,"column":8},"end":{"line":90,"column":9}},"type":"if","locations":[{"start":{"line":88,"column":8},"end":{"line":90,"column":9}},{"start":{},"end":{}}],"line":88},"5":{"loc":{"start":{"line":95,"column":22},"end":{"line":95,"column":44}},"type":"binary-expr","locations":[{"start":{"line":95,"column":22},"end":{"line":95,"column":38}},{"start":{"line":95,"column":42},"end":{"line":95,"column":44}}],"line":95},"6":{"loc":{"start":{"line":96,"column":4},"end":{"line":98,"column":5}},"type":"if","locations":[{"start":{"line":96,"column":4},"end":{"line":98,"column":5}},{"start":{},"end":{}}],"line":96},"7":{"loc":{"start":{"line":102,"column":6},"end":{"line":104,"column":7}},"type":"if","locations":[{"start":{"line":102,"column":6},"end":{"line":104,"column":7}},{"start":{},"end":{}}],"line":102},"8":{"loc":{"start":{"line":166,"column":4},"end":{"line":168,"column":5}},"type":"if","locations":[{"start":{"line":166,"column":4},"end":{"line":168,"column":5}},{"start":{},"end":{}}],"line":166},"9":{"loc":{"start":{"line":169,"column":11},"end":{"line":169,"column":27}},"type":"binary-expr","locations":[{"start":{"line":169,"column":11},"end":{"line":169,"column":21}},{"start":{"line":169,"column":25},"end":{"line":169,"column":27}}],"line":169},"10":{"loc":{"start":{"line":177,"column":4},"end":{"line":179,"column":5}},"type":"if","locations":[{"start":{"line":177,"column":4},"end":{"line":179,"column":5}},{"start":{},"end":{}}],"line":177},"11":{"loc":{"start":{"line":180,"column":11},"end":{"line":180,"column":28}},"type":"binary-expr","locations":[{"start":{"line":180,"column":11},"end":{"line":180,"column":22}},{"start":{"line":180,"column":26},"end":{"line":180,"column":28}}],"line":180},"12":{"loc":{"start":{"line":188,"column":4},"end":{"line":190,"column":5}},"type":"if","locations":[{"start":{"line":188,"column":4},"end":{"line":190,"column":5}},{"start":{},"end":{}}],"line":188},"13":{"loc":{"start":{"line":193,"column":17},"end":{"line":193,"column":38}},"type":"binary-expr","locations":[{"start":{"line":193,"column":17},"end":{"line":193,"column":32}},{"start":{"line":193,"column":36},"end":{"line":193,"column":38}}],"line":193},"14":{"loc":{"start":{"line":194,"column":18},"end":{"line":194,"column":40}},"type":"binary-expr","locations":[{"start":{"line":194,"column":18},"end":{"line":194,"column":34}},{"start":{"line":194,"column":38},"end":{"line":194,"column":40}}],"line":194},"15":{"loc":{"start":{"line":195,"column":24},"end":{"line":195,"column":52}},"type":"binary-expr","locations":[{"start":{"line":195,"column":24},"end":{"line":195,"column":46}},{"start":{"line":195,"column":50},"end":{"line":195,"column":52}}],"line":195},"16":{"loc":{"start":{"line":206,"column":24},"end":{"line":206,"column":62}},"type":"binary-expr","locations":[{"start":{"line":206,"column":24},"end":{"line":206,"column":56}},{"start":{"line":206,"column":60},"end":{"line":206,"column":62}}],"line":206},"17":{"loc":{"start":{"line":209,"column":10},"end":{"line":216,"column":11}},"type":"if","locations":[{"start":{"line":209,"column":10},"end":{"line":216,"column":11}},{"start":{},"end":{}}],"line":209}},"s":{"0":3,"1":3,"2":55,"3":50,"4":232,"5":40,"6":10,"7":65,"8":3,"9":62,"10":62,"11":62,"12":218,"13":18,"14":44,"15":44,"16":0,"17":44,"18":77,"19":34,"20":10,"21":548,"22":548,"23":548,"24":548,"25":548,"26":548,"27":548,"28":548,"29":548,"30":548,"31":548,"32":548,"33":548,"34":548,"35":548,"36":548,"37":3,"38":1,"39":1,"40":0,"41":1,"42":2,"43":2,"44":0,"45":2,"46":2,"47":2,"48":1,"49":1,"50":1,"51":1,"52":5,"53":5,"54":35,"55":21,"56":0,"57":1},"f":{"0":55,"1":50,"2":65,"3":548,"4":3,"5":1,"6":2,"7":2,"8":1},"b":{"0":[40,192],"1":[3,62],"2":[62,0],"3":[62,62],"4":[18,200],"5":[44,0],"6":[0,44],"7":[34,43],"8":[0,1],"9":[1,0],"10":[0,2],"11":[2,0],"12":[1,1],"13":[1,0],"14":[1,0],"15":[1,0],"16":[5,0],"17":[0,21]},"inputSourceMap":null,"_coverageSchema":"1a1c01bbd47fc00a2c39e90264f33305004495a9","hash":"a491306c8ee60e12399b807405da33bfa9456f97"}
,"/Users/jimmymalhan/Doc/claude-debug-copilot/src/paperclip/heartbeat-monitor.js": {"path":"/Users/jimmymalhan/Doc/claude-debug-copilot/src/paperclip/heartbeat-monitor.js","statementMap":{"0":{"start":{"line":8,"column":30},"end":{"line":8,"column":39}},"1":{"start":{"line":9,"column":29},"end":{"line":9,"column":42}},"2":{"start":{"line":10,"column":38},"end":{"line":10,"column":39}},"3":{"start":{"line":14,"column":4},"end":{"line":14,"column":21}},"4":{"start":{"line":15,"column":4},"end":{"line":15,"column":35}},"5":{"start":{"line":16,"column":4},"end":{"line":16,"column":26}},"6":{"start":{"line":20,"column":4},"end":{"line":25,"column":6}},"7":{"start":{"line":29,"column":4},"end":{"line":31,"column":5}},"8":{"start":{"line":30,"column":6},"end":{"line":30,"column":51}},"9":{"start":{"line":33,"column":4},"end":{"line":33,"column":47}},"10":{"start":{"line":34,"column":4},"end":{"line":34,"column":41}},"11":{"start":{"line":35,"column":4},"end":{"line":35,"column":62}},"12":{"start":{"line":36,"column":4},"end":{"line":36,"column":68}},"13":{"start":{"line":38,"column":4},"end":{"line":38,"column":34}},"14":{"start":{"line":42,"column":20},"end":{"line":42,"column":22}},"15":{"start":{"line":44,"column":4},"end":{"line":71,"column":5}},"16":{"start":{"line":45,"column":6},"end":{"line":48,"column":7}},"17":{"start":{"line":46,"column":8},"end":{"line":46,"column":89}},"18":{"start":{"line":47,"column":8},"end":{"line":47,"column":17}},"19":{"start":{"line":50,"column":22},"end":{"line":50,"column":42}},"20":{"start":{"line":51,"column":26},"end":{"line":51,"column":69}},"21":{"start":{"line":53,"column":6},"end":{"line":68,"column":7}},"22":{"start":{"line":54,"column":8},"end":{"line":54,"column":40}},"23":{"start":{"line":56,"column":8},"end":{"line":67,"column":9}},"24":{"start":{"line":57,"column":10},"end":{"line":57,"column":39}},"25":{"start":{"line":58,"column":10},"end":{"line":58,"column":115}},"26":{"start":{"line":59,"column":15},"end":{"line":67,"column":9}},"27":{"start":{"line":60,"column":10},"end":{"line":60,"column":35}},"28":{"start":{"line":61,"column":10},"end":{"line":61,"column":90}},"29":{"start":{"line":62,"column":15},"end":{"line":67,"column":9}},"30":{"start":{"line":63,"column":10},"end":{"line":63,"column":36}},"31":{"start":{"line":64,"column":10},"end":{"line":64,"column":89}},"32":{"start":{"line":65,"column":15},"end":{"line":67,"column":9}},"33":{"start":{"line":66,"column":10},"end":{"line":66,"column":74}},"34":{"start":{"line":70,"column":6},"end":{"line":70,"column":86}},"35":{"start":{"line":73,"column":4},"end":{"line":73,"column":19}},"36":{"start":{"line":77,"column":4},"end":{"line":79,"column":5}},"37":{"start":{"line":78,"column":6},"end":{"line":78,"column":18}},"38":{"start":{"line":80,"column":4},"end":{"line":80,"column":39}},"39":{"start":{"line":84,"column":4},"end":{"line":84,"column":33}},"40":{"start":{"line":88,"column":18},"end":{"line":88,"column":38}},"41":{"start":{"line":89,"column":4},"end":{"line":89,"column":51}},"42":{"start":{"line":93,"column":23},"end":{"line":98,"column":5}},"43":{"start":{"line":99,"column":4},"end":{"line":99,"column":38}},"44":{"start":{"line":101,"column":4},"end":{"line":109,"column":5}},"45":{"start":{"line":102,"column":6},"end":{"line":108,"column":9}},"46":{"start":{"line":113,"column":4},"end":{"line":121,"column":5}},"47":{"start":{"line":114,"column":6},"end":{"line":120,"column":9}}},"fnMap":{"0":{"name":"(anonymous_0)","decl":{"start":{"line":13,"column":2},"end":{"line":13,"column":3}},"loc":{"start":{"line":13,"column":34},"end":{"line":17,"column":3}},"line":13},"1":{"name":"(anonymous_1)","decl":{"start":{"line":19,"column":2},"end":{"line":19,"column":3}},"loc":{"start":{"line":19,"column":25},"end":{"line":26,"column":3}},"line":19},"2":{"name":"(anonymous_2)","decl":{"start":{"line":28,"column":2},"end":{"line":28,"column":3}},"loc":{"start":{"line":28,"column":42},"end":{"line":39,"column":3}},"line":28},"3":{"name":"(anonymous_3)","decl":{"start":{"line":41,"column":2},"end":{"line":41,"column":3}},"loc":{"start":{"line":41,"column":32},"end":{"line":74,"column":3}},"line":41},"4":{"name":"(anonymous_4)","decl":{"start":{"line":76,"column":2},"end":{"line":76,"column":3}},"loc":{"start":{"line":76,"column":26},"end":{"line":81,"column":3}},"line":76},"5":{"name":"(anonymous_5)","decl":{"start":{"line":83,"column":2},"end":{"line":83,"column":3}},"loc":{"start":{"line":83,"column":19},"end":{"line":85,"column":3}},"line":83},"6":{"name":"(anonymous_6)","decl":{"start":{"line":87,"column":2},"end":{"line":87,"column":3}},"loc":{"start":{"line":87,"column":23},"end":{"line":90,"column":3}},"line":87},"7":{"name":"(anonymous_7)","decl":{"start":{"line":92,"column":2},"end":{"line":92,"column":3}},"loc":{"start":{"line":92,"column":37},"end":{"line":110,"column":3}},"line":92},"8":{"name":"(anonymous_8)","decl":{"start":{"line":112,"column":2},"end":{"line":112,"column":3}},"loc":{"start":{"line":112,"column":32},"end":{"line":122,"column":3}},"line":112}},"branchMap":{"0":{"loc":{"start":{"line":13,"column":14},"end":{"line":13,"column":32}},"type":"default-arg","locations":[{"start":{"line":13,"column":28},"end":{"line":13,"column":32}}],"line":13},"1":{"loc":{"start":{"line":28,"column":28},"end":{"line":28,"column":40}},"type":"default-arg","locations":[{"start":{"line":28,"column":38},"end":{"line":28,"column":40}}],"line":28},"2":{"loc":{"start":{"line":29,"column":4},"end":{"line":31,"column":5}},"type":"if","locations":[{"start":{"line":29,"column":4},"end":{"line":31,"column":5}},{"start":{},"end":{}}],"line":29},"3":{"loc":{"start":{"line":35,"column":34},"end":{"line":35,"column":61}},"type":"binary-expr","locations":[{"start":{"line":35,"column":34},"end":{"line":35,"column":48}},{"start":{"line":35,"column":52},"end":{"line":35,"column":61}}],"line":35},"4":{"loc":{"start":{"line":36,"column":41},"end":{"line":36,"column":67}},"type":"binary-expr","locations":[{"start":{"line":36,"column":41},"end":{"line":36,"column":62}},{"start":{"line":36,"column":66},"end":{"line":36,"column":67}}],"line":36},"5":{"loc":{"start":{"line":41,"column":14},"end":{"line":41,"column":30}},"type":"default-arg","locations":[{"start":{"line":41,"column":20},"end":{"line":41,"column":30}}],"line":41},"6":{"loc":{"start":{"line":45,"column":6},"end":{"line":48,"column":7}},"type":"if","locations":[{"start":{"line":45,"column":6},"end":{"line":48,"column":7}},{"start":{},"end":{}}],"line":45},"7":{"loc":{"start":{"line":53,"column":6},"end":{"line":68,"column":7}},"type":"if","locations":[{"start":{"line":53,"column":6},"end":{"line":68,"column":7}},{"start":{},"end":{}}],"line":53},"8":{"loc":{"start":{"line":56,"column":8},"end":{"line":67,"column":9}},"type":"if","locations":[{"start":{"line":56,"column":8},"end":{"line":67,"column":9}},{"start":{"line":59,"column":15},"end":{"line":67,"column":9}}],"line":56},"9":{"loc":{"start":{"line":59,"column":15},"end":{"line":67,"column":9}},"type":"if","locations":[{"start":{"line":59,"column":15},"end":{"line":67,"column":9}},{"start":{"line":62,"column":15},"end":{"line":67,"column":9}}],"line":59},"10":{"loc":{"start":{"line":62,"column":15},"end":{"line":67,"column":9}},"type":"if","locations":[{"start":{"line":62,"column":15},"end":{"line":67,"column":9}},{"start":{"line":65,"column":15},"end":{"line":67,"column":9}}],"line":62},"11":{"loc":{"start":{"line":65,"column":15},"end":{"line":67,"column":9}},"type":"if","locations":[{"start":{"line":65,"column":15},"end":{"line":67,"column":9}},{"start":{},"end":{}}],"line":65},"12":{"loc":{"start":{"line":77,"column":4},"end":{"line":79,"column":5}},"type":"if","locations":[{"start":{"line":77,"column":4},"end":{"line":
[...]
,"/Users/jimmymalhan/Doc/claude-debug-copilot/src/paperclip/performance-optimizer.js": {"path":"/Users/jimmymalhan/Doc/claude-debug-copilot/src/paperclip/performance-optimizer.js","statementMap":{"0":{"start":{"line":9,"column":4},"end":{"line":9,"column":32}},"1":{"start":{"line":10,"column":4},"end":{"line":10,"column":59}},"2":{"start":{"line":11,"column":4},"end":{"line":11,"column":29}},"3":{"start":{"line":18,"column":4},"end":{"line":21,"column":5}},"4":{"start":{"line":19,"column":6},"end":{"line":19,"column":29}},"5":{"start":{"line":20,"column":6},"end":{"line":20,"column":38}},"6":{"start":{"line":23,"column":4},"end":{"line":23,"column":29}},"7":{"start":{"line":24,"column":19},"end":{"line":24,"column":23}},"8":{"start":{"line":27,"column":4},"end":{"line":31,"column":5}},"9":{"start":{"line":28,"column":23},"end":{"line":28,"column":58}},"10":{"start":{"line":29,"column":6},"end":{"line":29,"column":39}},"11":{"start":{"line":30,"column":6},"end":{"line":30,"column":34}},"12":{"start":{"line":33,"column":4},"end":{"line":33,"column":37}},"13":{"start":{"line":34,"column":4},"end":{"line":34,"column":18}},"14":{"start":{"line":41,"column":4},"end":{"line":49,"column":6}},"15":{"start":{"line":56,"column":20},"end":{"line":56,"column":95}},"16":{"start":{"line":57,"column":4},"end":{"line":62,"column":6}},"17":{"start":{"line":69,"column":4},"end":{"line":69,"column":28}},"18":{"start":{"line":76,"column":25},"end":{"line":76,"column":51}},"19":{"start":{"line":77,"column":4},"end":{"line":77,"column":41}},"20":{"start":{"line":77,"column":27},"end":{"line":77,"column":41}},"21":{"start":{"line":78,"column":4},"end":{"line":78,"column":42}},"22":{"start":{"line":78,"column":26},"end":{"line":78,"column":42}},"23":{"start":{"line":79,"column":4},"end":{"line":79,"column":17}},"24":{"start":{"line":86,"column":4},"end":{"line":86,"column":59}},"25":{"start":{"line":93,"column":4},"end":{"line":93,"column":44}},"26":{"start":{"line":100,"column":4},"end":{"line":107,"column":6}}},"fnMap":{"0":{"name":"(anonymous_0)","decl":{"start":{"line":8,"column":2},"end":{"line":8,"column":3}},"loc":{"start":{"line":8,"column":16},"end":{"line":12,"column":3}},"line":8},"1":{"name":"(anonymous_1)","decl":{"start":{"line":17,"column":2},"end":{"line":17,"column":3}},"loc":{"start":{"line":17,"column":28},"end":{"line":35,"column":3}},"line":17},"2":{"name":"(anonymous_2)","decl":{"start":{"line":40,"column":2},"end":{"line":40,"column":3}},"loc":{"start":{"line":40,"column":30},"end":{"line":50,"column":3}},"line":40},"3":{"name":"(anonymous_3)","decl":{"start":{"line":55,"column":2},"end":{"line":55,"column":3}},"loc":{"start":{"line":55,"column":18},"end":{"line":63,"column":3}},"line":55},"4":{"name":"(anonymous_4)","decl":{"start":{"line":68,"column":2},"end":{"line":68,"column":3}},"loc":{"start":{"line":68,"column":15},"end":{"line":70,"column":3}},"line":68},"5":{"name":"(anonymous_5)","decl":{"start":{"line":75,"column":2},"end":{"line":75,"column":3}},"loc":{"start":{"line":75,"column":34},"end":{"line":80,"column":3}},"line":75},"6":{"name":"(anonymous_6)","decl":{"start":{"line":85,"column":2},"end":{"line":85,"column":3}},"loc":{"start":{"line":85,"column":21},"end":{"line":87,"column":3}},"line":85},"7":{"name":"(anonymous_7)","decl":{"start":{"line":92,"column":2},"end":{"line":92,"column":3}},"loc":{"start":{"line":92,"column":26},"end":{"line":94,"column":3}},"line":92},"8":{"name":"(anonymous_8)","decl":{"start":{"line":99,"column":2},"end":{"line":99,"column":3}},"loc":{"start":{"line":99,"column":15},"end":{"line":108,"column":3}},"line":99}},"branchMap":{"0":{"loc":{"start":{"line":18,"column":4},"end":{"line":21,"column":5}},"type":"if","locations":[{"start":{"line":18,"column":4},"end":{"line":21,"column":5}},{"start":{},"end":{}}],"line":18},"1":{"loc":{"start":{"line":27,"column":4},"end":{"line":31,"column":5}},"type":"if","locations":[{"start":{"line":27,"column":4},"end":{"line":31,"column":5}},{"start":{},"end":{}}],"line":27},"2":{"loc":{"start":{"line":56,"column":20},"end":{"line":56,"column":95}},"type":"binary-expr","locations":[{"start":{"line":56,"column":20},"end":{"line":56,"column":90}},{"start":{"line":56,"column":94},"end":{"line":56,"column":95}}],"line":56},"3":{"loc":{"start":{"line":76,"column":25},"end":{"line":76,"column":51}},"type":"binary-expr","locations":[{"start":{"line":76,"column":25},"end":{"line":76,"column":46}},{"start":{"line":76,"column":50},"end":{"line":76,"column":51}}],"line":76},"4":{"loc":{"start":{"line":77,"column":4},"end":{"line":77,"column":41}},"type":"if","locations":[{"start":{"line":77,"column":4},"end":{"line":77,"column":41}},{"start":{},"end":{}}],"line":77},"5":{"loc":{"start":{"line":78,"column":4},"end":{"line":78,"column":42}},"type":"if","locations":[{"start":{"line":78,"column":4},"end":{"line":78,"column":42}},{"start":{},"end":{}}],"line":78},"6":{"loc":{"start":{"line":86,"column":11},"end":{"line":86,"column":58}},"type":"binary-expr","locations":[{"start":{"line":86,"column":11},"end":{"line":86,"column":32}},{"start":{"line":86,"column":36},"end":{"line":86,"column":58}}],"line":86},"7":{"loc":{"start":{"line":93,"column":12},"end":{"line":93,"column":38}},"type":"binary-expr","locations":[{"start":{"line":93,"column":12},"end":{"line":93,"column":33}},{"start":{"line":93,"column":37},"end":{"line":93,"column":38}}],"line":93}},"s":{"0":20,"1":20,"2":20,"3":3,"4":1,"5":1,"6":2,"7":2,"8":2,"9":0,"10":0,"11":0,"12":2,"13":2,"14":1,"15":3,"16":3,"17":1,"18":1,"19":1,"20":0,"21":1,"22":0,"23":1,"24":1,"25":1,"26":1},"f":{"0":20,"1":3,"2":1,"3":3,"4":1,"5":1,"6":1,"7":1,"8":1},"b":{"0":[1,2],"1":[0,2],"2":[3,2],"3":[1,0],"4":[0,1],"5":[0,1],"6":[1,0],"7":[1,0]},"inputSourceMap":null,"_coverageSchema":"1a1c01bbd47fc00a2c39e90264f33305004495a9","hash":"5adfdf88285cf7e2dbf0ce27b67f98921081e73e"}
,"/Users/jimmymalhan/Doc/claude-debug-copilot/src/paperclip/task-manager.js": {"path":"/Users/jimmymalhan/Doc/claude-debug-copilot/src/paperclip/task-manager.js","statementMap":{"0":{"start":{"line":10,"column":25},"end":{"line":10,"column":63}},"1":{"start":{"line":12,"column":31},"end":{"line":19,"column":1}},"2":{"start":{"line":21,"column":32},"end":{"line":21,"column":57}},"3":{"start":{"line":23,"column":30},"end":{"line":30,"column":1}},"4":{"start":{"line":34,"column":4},"end":{"line":34,"column":27}},"5":{"start":{"line":35,"column":4},"end":{"line":35,"column":41}},"6":{"start":{"line":36,"column":4},"end":{"line":36,"column":35}},"7":{"start":{"line":40,"column":4},"end":{"line":40,"column":39}},"8":{"start":{"line":42,"column":19},"end":{"line":42,"column":57}},"9":{"start":{"line":43,"column":17},"end":{"line":66,"column":5}},"10":{"start":{"line":68,"column":4},"end":{"line":68,"column":33}},"11":{"start":{"line":70,"column":4},"end":{"line":77,"column":5}},"12":{"start":{"line":71,"column":6},"end":{"line":76,"column":9}},"13":{"start":{"line":79,"column":4},"end":{"line":79,"column":41}},"14":{"start":{"line":83,"column":17},"end":{"line":83,"column":39}},"15":{"start":{"line":84,"column":4},"end":{"line":86,"column":5}},"16":{"start":{"line":85,"column":6},"end":{"line":85,"column":51}},"17":{"start":{"line":87,"column":4},"end":{"line":87,"column":16}},"18":{"start":{"line":91,"column":17},"end":{"line":91,"column":37}},"19":{"start":{"line":92,"column":4},"end":{"line":92,"column":30}},"20":{"start":{"line":93,"column":4},"end":{"line":93,"column":32}},"21":{"start":{"line":95,"column":4},"end":{"line":102,"column":5}},"22":{"start":{"line":96,"column":6},"end":{"line":101,"column":9}},"23":{"start":{"line":104,"column":4},"end":{"line":104,"column":66}},"24":{"start":{"line":108,"column":4},"end":{"line":110,"column":5}},"25":{"start":{"line":109,"column":6},"end":{"line":109,"column":119}},"26":{"start":{"line":112,"column":17},"end":{"line":112,"column":37}},"27":{"start":{"line":113,"column":4},"end":{"line":113,"column":41}},"28":{"start":{"line":115,"column":4},"end":{"line":115,"column":38}},"29":{"start":{"line":119,"column":17},"end":{"line":119,"column":37}},"30":{"start":{"line":122,"column":4},"end":{"line":124,"column":5}},"31":{"start":{"line":123,"column":6},"end":{"line":123,"column":133}},"32":{"start":{"line":127,"column":4},"end":{"line":127,"column":33}},"33":{"start":{"line":129,"column":4},"end":{"line":129,"column":25}},"34":{"start":{"line":130,"column":4},"end":{"line":130,"column":30}},"35":{"start":{"line":131,"column":4},"end":{"line":131,"column":48}},"36":{"start":{"line":133,"column":4},"end":{"line":133,"column":43}},"37":{"start":{"line":137,"column":4},"end":{"line":139,"column":5}},"38":{"start":{"line":138,"column":6},"end":{"line":138,"column":51}},"39":{"start":{"line":140,"column":4},"end":{"line":140,"column":30}},"40":{"start":{"line":141,"column":4},"end":{"line":141,"column":37}},"41":{"start":{"line":145,"column":16},"end":{"line":145,"column":40}},"42":{"start":{"line":146,"column":4},"end":{"line":148,"column":5}},"43":{"start":{"line":147,"column":6},"end":{"line":147,"column":60}},"44":{"start":{"line":147,"column":32},"end":{"line":147,"column":58}},"45":{"start":{"line":149,"column":4},"end":{"line":151,"column":5}},"46":{"start":{"line":150,"column":6},"end":{"line":150,"column":56}},"47":{"start":{"line":150,"column":32},"end":{"line":150,"column":54}},"48":{"start":{"line":152,"column":4},"end":{"line":157,"column":8}},"49":{"start":{"line":152,"column":27},"end":{"line":157,"column":5}},"50":{"start":{"line":161,"column":4},"end":{"line":163,"column":5}},"51":{"start":{"line":162,"column":6},"end":{"line":162,"column":103}},"52":{"start":{"line":167,"column":4},"end":{"line":169,"column":5}},"53":{"start":{"line":168,"column":6},"end":{"line":168,"column":63}},"54":{"start":{"line":171,"column":4},"end":{"line":175,"column":5}},"55":{"start":{"line":172,"column":6},"end":{"line":174,"column":7}},"56":{"start":{"line":173,"column":8},"end":{"line":173,"column":72}},"57":{"start":{"line":178,"column":4},"end":{"line":180,"column":5}},"58":{"start":{"line":179,"column":6},"end":{"line":179,"column":72}},"59":{"start":{"line":181,"column":4},"end":{"line":183,"column":5}},"60":{"start":{"line":182,"column":6},"end":{"line":182,"column":69}},"61":{"start":{"line":186,"column":4},"end":{"line":188,"column":5}},"62":{"start":{"line":187,"column":6},"end":{"line":187,"column":118}},"63":{"start":{"line":192,"column":4},"end":{"line":192,"column":74}}},"fnMap":{"0":{"name":"(anonymous_0)","decl":{"start":{"line":33,"column":2},"end":{"line":33,"column":3}},"loc":{"start":{"line":33,"column":43},"end":{"line":37,"column":3}},"line":33},"1":{"name":"(anonymous_1)","decl":{"start":{"line":39,"column":2},"end":{"line":39,"column":3}},"loc":{"start":{"line":39,"column":24},"end":{"line":80,"column":3}},"line":39},"2":{"name":"(anonymous_2)","decl":{"start":{"line":82,"column":2},"end":{"line":82,"column":3}},"loc":{"start":{"line":82,"column":18},"end":{"line":88,"column":3}},"line":82},"3":{"name":"(anonymous_3)","decl":{"start":{"line":90,"column":2},"end":{"line":90,"column":3}},"loc":{"start":{"line":90,"column":30},"end":{"line":105,"column":3}},"line":90},"4":{"name":"(anonymous_4)","decl":{"start":{"line":107,"column":2},"end":{"line":107,"column":3}},"loc":{"start":{"line":107,"column":36},"end":{"line":116,"column":3}},"line":107},"5":{"name":"(anonymous_5)","decl":{"start":{"line":118,"column":2},"end":{"line":118,"column":3}},"loc":{"start":{"line":118,"column":31},"end":{"line":134,"column":3}},"line":118},"6":{"name":"(anonymous_6)","decl":{"start":{"line":136,"column":2},"end":{"line":136,"column":3}},"loc":{"start":{"line":136,"column":21},"end":{"line":142,"column":3}},"line":136},"7":{"name":"(anonymous_7)","decl":{"start":{"line":144,"column":2},"end":{"line":144,"column":3}},"loc":{"start":{"line":144,"column":25},"end":{"line":158,"column":3}},"line":144},"8":{"name":"(anonymous_8)","decl":{"start":{"line":147,"column":27},"end":{"line":147,"column":28}},"loc":{"start":{"line":147,"column":32},"end":{"line":147,"column":58}},"line":147},"9":{"name":"(anonymous_9)","decl":{"start":{"line":150,"column":27},"end":{"line":150,"column":28}},"loc":{"start":{"line":150,"column":32},"end":{"line":150,"column":54}},"line":150},"10":{"name":"(anonymous_10)","decl":{"start":{"line":152,"column":21},"end":{"line":152,"column":22}},"loc":{"start":{"line":152,"column":27},"end":{"line":157,"column":5}},"line":152},"11":{"name":"(anonymous_11)","decl":{"start":{"line":160,"column":2},"end":{"line":160,"column":3}},"loc":{"start":{"line":160,"column":28},"end":{"line":164,"column":3}},"line":160},"12":{"name":"(anonymous_12)","decl":{"start":{"line":166,"column":2},"end":{"line":166,"column":3}},"loc":{"start":{"line":166,"column":26},"end":{"line":189,"column":3}},"line":166},"13":{"name":"(anonymous_13)","decl":{"start":{"line":191,"column":2},"end":{"line":191,"column":3}},"loc":{"start":{"line":191,"column":16},"end":{"line":193,"column":3}},"line":191}},"branchMap":{"0":{"loc":{"start":{"line":42,"column":19},"end":{"line":42,"column":57}},"type":"binary-expr","locations":[{"start":{"line":42,"column":19},"end":{"line":42,"column":35}},{"start":{"line":42,"column":39},"end":{"line":42,"column":57}}],"line":42},"1":{"loc":{"start":{"line":48,"column":18},"end":{"line":48,"column":42}},"type":"binary-expr","locations":[{"start":{"line":48,"column":18},"end":{"line":48,"column":36}},{"start":{"line":48,"column":40},"end":{"line":48,"column":42}}],"line":48},"2":{"loc":{"start":{"line":49,"column":20},"end":{"line":49,"column":46}},"type":"binary-expr","locations":[{"start":{"line":49,"column":20},"end":{"line":49,"column":40}},{"start":{"line":49,"column":44},"end":{"line":49,"column":46}}],"line":49},"3":{"loc":{"start":{"line":50,"column":21},"end":{"line":50,"column":48}},"type":"binary-expr","locations":[{"start":{"line":50,"column":21},"end":{"line":50,"column":42}},{"start":{"line":50,"column":46},"end":{"line":50,"column":48}}],"line":50},"4":{"loc":{"start":{"line":70,"column":4},"end":{"line":77,"column":5}},"type":"if","locations":[{"start":{"line":70,"column":4},"end":{"line":77,"column":5}},{"start":{},"end":{}}],"line":70},"5":{"loc":{"start":{"line":84,"column":4},"end":{"line":86,"column":5}},"type":"if","locations":[{"start":{"line":84,"column":4},"end":{"line":86,"column":5}},{"start":{},"end":{}}],"line":84},"6":{"loc":{"start":{"line":95,"column":4},"end":{"line":102,"column":5}},"type":"if","locations":[{"start":{"line":95,"column":4},"end":{"line":102,"column":5}},{"start":{},"end":{}}],"line":95},"7":{"loc":{"start":{"line":108,"column":4},"end":{"line":110,"column":5}},"type":"if","locations":[{"start":{"line":108,"column":4},"end":{"line":110,"column":5}},{"start":{},"end":{}}],"line":108},"8":{"loc":{"start":{"line":122,"column":4},"end":{"line":124,"column":5}},"type":"if","locations":[{"start":{"line":122,"column":4},"end":{"line":124,"column":5}},{"start":{},"end":{}}],"line":122},"9":{"loc":{"start":{"line":137,"column":4},"end":{"line":139,"column":5}},"type":"if","locations":[{"start":{"line":137,"column":4},"end":{"line":139,"column":5}},{"start":{},"end":{}}],"line":137},"10":{"loc":{"start":{"line":144,"column":12},"end":{"line":144,"column":23}},"type":"default-arg","locations":[{"start":{"line":144,"column":21},"end":{"line":144,"column":23}}],"line":144},"11":{"loc":{"start":{"line":146,"column":4},"end":{"line":148,"column":5}},"type":"if","locations":[{"start":{"line":146,"column":4},"end":{"line":148,"column":5}},{"start":{},"end":{}}],"line":146},"12":{"loc":{"start":{"line":149,"column":4},"end":{"line":151,"column":5}},"type":"if","locations":[{"start":{"line":149,"column":4},"end":{"line":151,"column":5}},{"start":{},"end":{}}],"line":149},"13":{"loc":{"start":{"line":161,"column":4},"end":{"line":163,"column":5}},"type":"if","locations":[{"start":{"line":161,"column":4},"end":{"line":163,"column":5}},{"start":{},"end":{}}],"line":161},"14":{"loc":{"start":{"line":161,"column":8},"end":{"line":161,"column":61}},"type":"binary-expr","locations":[{"start":{"line":161,"column":8},"end":{"line":161,"column":19}},{"start":{"line":161,"column":23},"end":{"line":161,"column":61}}],"line":161},"15":{"loc":{"start":{"line":167,"column":4},"end":{"line":169,"column":5}},"type":"if","locations":[{"start":{"line":167,"column":4},"end":{"line":169,"column":5}},{"start":{},"end":{}}],"line":167},"16":{"loc":{"start":{"line":167,"column":8},"end":{"line":167,"column":45}},"type":"binary-expr","locations":[{"start":{"line":167,"column":8},"end":{"line":167,"column":15}},{"start":{"line":167,"column":19},"end":{"line":167,"column":45}}],"line":167},"17":{"loc":{"start":{"line":172,"column":6},"end":{"line":174,"column":7}},"type":"if","locations":[{"start":{"line":172,"column":6},"end":{"line":174,"column":7}},{"start":{},"end":{}}],"line":172},"18":{"loc":{"start":{"line":172,"column":10},"end":{"line":172,"column":87}},"type":"binary-expr","locations":[{"start":{"line":172,"column":10},"end":{"line":172,"column":37}},{"start":{"line":172,"column":41},"end":{"line":172,"column":63}},{"start":{"line":172,"column":67},"end":{"line":172,"column":87}}],"line":172},"19":{"loc":{"start":{"line":178,"column":4},"end":{"line":180,"column":5}},"type":"if","locations":[{"start":{"line":178,"column":4},"end":{"line":180,"column":5}},{"start":{},"end":{}}],"line":178},"20":{"loc":{"start":{"line":178,"column":8},"end":{"line":178,"column":71}},"type":"binary-expr","locations":[{"start":{"line":178,"column":8},"end":{"line":178,"column":39}},{"start":{"line":178,"column":43},"end":{"line":178,"column":71}}],"line":178},"21":{"loc":{"start":{"line":181,"column":4},"end":{"line":183,"column":5}},"type":"if","locations":[{"start":{"line":181,"column":4},"end":{"line":183,"column":5}},{"start":{},"end":{}}],"line":181},"22":{"loc":{"start":{"line":181,"column":8},"end":{"line":181,"column":65}},"type":"binary-expr","locations":[{"start":{"line":181,"column":8},"end":{"line":181,"column":36}},{"start":{"line":181,"column":40},"end":{"line":181,"column":65}}],"line":181},"23":{"loc":{"start":{"line":186,"column":4},"end":{"line":188,"column":5}},"type":"if","locations":[{"start":{"line":186,"column":4},"end":{"line":188,"column":5}},{"start":{},"end":{}}],"line":186}},"s":{"0":3,"1":3,"2":3,"3":3,"4":65,"5":65,"6":65,"7":36,"8":34,"9":34,"10":34,"11":34,"12":33,"13":34,"14":31,"15":31,"16":1,"17":30,"18":3,"19":3,"20":3,"21":3,"22":2,"23":3,"24":8,"25":1,"26":7,"27":7,"28":7,"29":9,"30":9,"31":1,"32":8,"33":1,"34":1,"35":1,"36":1,"37":6,"38":1,"39":5,"40":5,"41":5,"42":5,"43":1,"44":2,"45":5,"46":1,"47":2,"48":5,"49":5,"50":36,"51":2,"52":8,"53":2,"54":6,"55":26,"56":2,"57":4,"58":1,"59":3,"60":1,"61":2,"62":1,"63":11},"f":{"0":65,"1":36,"2":31,"3":3,"4":8,"5":9,"6":6,"7":5,"8":2,"9":2,"10":5,"11":36,"12":8,"13":11},"b":{"0":[34,11],"1":[34,0],"2":[34,7],"3":[34,11],"4":[33,1],"5":[1,30],"6":[2,1],"7":[1,7],"8":[1,8],"9":[1,5],"10":[3],"11":[1,4],"12":[1,4],"13":[2,34],"14":[36,35],"15":[2,6],"16":[8,7],"17":[2,24],"18":[26,25,24],"19":[1,3],"20":[4,4],"21":[1,2],"22":[3,3],"23":[1,1]},"inputSourceMap":null,"_coverageSchema":"1a1c01bbd47fc00a2c39e90264f33305004495a9","hash":"a355a500d664f4a998bae7ee3d4417d013f28737"}
}
