TN:
SF:src/paperclip/agent-wrapper.js
FN:29,(anonymous_0)
FN:39,(anonymous_1)
FN:53,(anonymous_2)
FN:58,(anonymous_3)
FN:63,(anonymous_4)
FN:68,(anonymous_5)
FN:73,(anonymous_6)
FN:78,(anonymous_7)
FN:83,(anonymous_8)
FN:92,(anonymous_9)
FN:105,(anonymous_10)
FN:110,(anonymous_11)
FN:143,(anonymous_12)
FN:150,(anonymous_13)
FN:167,(anonymous_14)
FN:179,(anonymous_15)
FN:189,(anonymous_16)
FN:196,(anonymous_17)
FN:209,(anonymous_18)
FN:225,(anonymous_19)
FNF:20
FNH:17
FNDA:32,(anonymous_0)
FNDA:13,(anonymous_1)
FNDA:12,(anonymous_2)
FNDA:10,(anonymous_3)
FNDA:10,(anonymous_4)
FNDA:10,(anonymous_5)
FNDA:10,(anonymous_6)
FNDA:10,(anonymous_7)
FNDA:2,(anonymous_8)
FNDA:2,(anonymous_9)
FNDA:0,(anonymous_10)
FNDA:0,(anonymous_11)
FNDA:0,(anonymous_12)
FNDA:66,(anonymous_13)
FNDA:10,(anonymous_14)
FNDA:10,(anonymous_15)
FNDA:12,(anonymous_16)
FNDA:10,(anonymous_17)
FNDA:10,(anonymous_18)
FNDA:1,(anonymous_19)
DA:13,2
DA:15,2
DA:30,32
DA:31,32
DA:32,32
DA:40,13
DA:41,1
DA:44,12
DA:51,12
DA:53,12
DA:54,12
DA:58,10
DA:59,10
DA:63,10
DA:64,10
DA:68,10
DA:69,10
DA:73,10
DA:74,10
DA:78,10
DA:79,10
DA:83,2
DA:84,2
DA:92,2
DA:93,2
DA:94,2
DA:105,0
DA:106,0
DA:110,0
DA:111,0
DA:119,0
DA:120,0
DA:122,12
DA:123,12
DA:124,12
DA:125,12
DA:126,12
DA:136,0
DA:137,0
DA:144,0
DA:151,66
DA:152,66
DA:153,66
DA:154,54
DA:160,12
DA:169,10
DA:170,10
DA:180,10
DA:181,0
DA:183,10
DA:190,12
DA:198,10
DA:210,10
DA:211,0
DA:214,10
DA:216,8
DA:217,8
DA:226,1
LF:58
LH:47
BRDA:40,0,0,1
BRDA:40,0,1,12
BRDA:93,1,0,2
BRDA:93,1,1,0
BRDA:125,2,0,12
BRDA:125,2,1,0
BRDA:144,3,0,0
BRDA:144,3,1,0
BRDA:170,4,0,2
BRDA:170,4,1,8
BRDA:170,5,0,10
BRDA:170,5,1,2
BRDA:180,6,0,0
BRDA:180,6,1,10
BRDA:210,7,0,0
BRDA:210,7,1,10
BRDA:210,8,0,10
BRDA:210,8,1,10
BRDA:214,9,0,8
BRDA:214,9,1,2
BRDA:214,10,0,10
BRDA:214,10,1,3
BRDA:216,11,0,8
BRDA:216,11,1,0
BRF:24
BRH:17
end_of_record
TN:
SF:src/paperclip/approval-state-machine.js
FN:25,(anonymous_0)
FN:38,(anonymous_1)
FN:42,(anonymous_2)
FN:46,(anonymous_3)
FN:50,(anonymous_4)
FN:108,(anonymous_5)
FN:118,(anonymous_6)
FN:128,(anonymous_7)
FN:148,(anonymous_8)
FN:168,(anonymous_9)
FN:189,(anonymous_10)
FN:209,(anonymous_11)
FNF:12
FNH:12
FNDA:64,(anonymous_0)
FNDA:41,(anonymous_1)
FNDA:2,(anonymous_2)
FNDA:1,(anonymous_3)
FNDA:122,(anonymous_4)
FNDA:3,(anonymous_5)
FNDA:40,(anonymous_6)
FNDA:37,(anonymous_7)
FNDA:20,(anonymous_8)
FNDA:15,(anonymous_9)
FNDA:7,(anonymous_10)
FNDA:2,(anonymous_11)
DA:10,3
DA:21,3
DA:22,3
DA:26,64
DA:27,64
DA:28,64
DA:29,64
DA:30,64
DA:31,64
DA:39,41
DA:43,2
DA:47,1
DA:51,122
DA:54,122
DA:56,40
DA:57,39
DA:59,37
DA:60,35
DA:62,20
DA:63,18
DA:65,15
DA:66,13
DA:68,7
DA:69,4
DA:71,2
DA:72,1
DA:75,1
DA:77,0
DA:80,110
DA:81,0
DA:84,110
DA:91,110
DA:92,110
DA:94,110
DA:95,108
DA:105,110
DA:109,3
DA:110,3
DA:112,3
DA:113,2
DA:115,1
DA:119,40
DA:120,38
DA:122,2
DA:123,1
DA:125,1
DA:129,37
DA:130,27
DA:131,27
DA:132,3
DA:134,24
DA:135,21
DA:137,3
DA:138,2
DA:140,1
DA:142,10
DA:143,9
DA:145,1
DA:149,20
DA:150,18
DA:151,18
DA:152,15
DA:154,3
DA:155,2
DA:156,1
DA:158,1
DA:160,1
DA:162,2
DA:163,1
DA:165,1
DA:169,15
DA:170,13
DA:171,13
DA:172,11
DA:173,10
DA:176,1
DA:178,2
DA:179,1
DA:181,1
DA:183,2
DA:184,1
DA:186,1
DA:190,7
DA:191,5
DA:192,3
DA:193,1
DA:195,2
DA:197,2
DA:198,1
DA:200,1
DA:202,2
DA:204,1
DA:206,1
DA:210,2
DA:211,1
DA:213,1
LF:96
LH:94
BRDA:54,0,0,40
BRDA:54,0,1,37
BRDA:54,0,2,20
BRDA:54,0,3,15
BRDA:54,0,4,7
BRDA:54,0,5,2
BRDA:54,0,6,0
BRDA:54,0,7,1
BRDA:54,0,8,0
BRDA:80,1,0,0
BRDA:80,1,1,110
BRDA:94,2,0,108
BRDA:94,2,1,2
BRDA:110,3,0,1
BRDA:110,3,1,2
BRDA:112,4,0,2
BRDA:112,4,1,1
BRDA:119,5,0,38
BRDA:119,5,1,2
BRDA:122,6,0,1
BRDA:122,6,1,1
BRDA:129,7,0,27
BRDA:129,7,1,10
BRDA:131,8,0,3
BRDA:131,8,1,24
BRDA:134,9,0,21
BRDA:134,9,1,3
BRDA:137,10,0,2
BRDA:137,10,1,1
BRDA:142,11,0,9
BRDA:142,11,1,1
BRDA:149,12,0,18
BRDA:149,12,1,2
BRDA:151,13,0,15
BRDA:151,13,1,3
BRDA:154,14,0,2
BRDA:154,14,1,1
BRDA:155,15,0,1
BRDA:155,15,1,1
BRDA:162,16,0,1
BRDA:162,16,1,1
BRDA:169,17,0,13
BRDA:169,17,1,2
BRDA:171,18,0,11
BRDA:171,18,1,2
BRDA:172,19,0,10
BRDA:172,19,1,1
BRDA:178,20,0,1
BRDA:178,20,1,1
BRDA:183,21,0,1
BRDA:183,21,1,1
BRDA:190,22,0,5
BRDA:190,22,1,2
BRDA:191,23,0,3
BRDA:191,23,1,2
BRDA:192,24,0,1
BRDA:192,24,1,2
BRDA:197,25,0,1
BRDA:197,25,1,1
BRDA:202,26,0,1
BRDA:202,26,1,1
BRDA:210,27,0,1
BRDA:210,27,1,1
BRF:63
BRH:60
end_of_record
TN:
SF:src/paperclip/audit-logger.js
FN:24,(anonymous_0)
FN:29,(anonymous_1)
FN:49,(anonymous_2)
FN:53,(anonymous_3)
FN:56,(anonymous_4)
FN:59,(anonymous_5)
FN:63,(anonymous_6)
FN:69,(anonymous_7)
FN:73,(anonymous_8)
FN:77,(anonymous_9)
FN:81,(anonymous_10)
FN:99,(anonymous_11)
FNF:12
FNH:12
FNDA:135,(anonymous_0)
FNDA:232,(anonymous_1)
FNDA:17,(anonymous_2)
FNDA:16,(anonymous_3)
FNDA:5,(anonymous_4)
FNDA:12,(anonymous_5)
FNDA:2,(anonymous_6)
FNDA:2,(anonymous_7)
FNDA:3,(anonymous_8)
FNDA:1,(anonymous_9)
FNDA:2,(anonymous_10)
FNDA:231,(anonymous_11)
DA:8,4
DA:10,4
DA:25,135
DA:26,135
DA:30,232
DA:31,1
DA:34,231
DA:36,196
DA:43,196
DA:44,196
DA:46,196
DA:50,17
DA:52,17
DA:53,16
DA:55,17
DA:56,5
DA:58,17
DA:59,12
DA:61,17
DA:62,1
DA:63,2
DA:66,17
DA:70,2
DA:74,3
DA:78,1
DA:83,2
DA:84,6
DA:85,0
DA:90,2
DA:91,6
DA:92,0
DA:96,2
DA:100,231
DA:101,461
DA:102,2
DA:106,229
DA:107,33
LF:37
LH:35
BRDA:30,0,0,1
BRDA:30,0,1,231
BRDA:49,1,0,1
BRDA:52,2,0,8
BRDA:52,2,1,9
BRDA:55,3,0,3
BRDA:55,3,1,14
BRDA:58,4,0,4
BRDA:58,4,1,13
BRDA:61,5,0,1
BRDA:61,5,1,16
BRDA:84,6,0,0
BRDA:84,6,1,6
BRDA:91,7,0,0
BRDA:91,7,1,6
BRDA:101,8,0,2
BRDA:101,8,1,459
BRDA:106,9,0,33
BRDA:106,9,1,196
BRF:19
BRH:17
end_of_record
TN:
SF:src/paperclip/budget-enforcer.js
FN:22,(anonymous_0)
FN:34,(anonymous_1)
FN:38,(anonymous_2)
FN:42,(anonymous_3)
FN:73,(anonymous_4)
FN:97,(anonymous_5)
FN:101,(anonymous_6)
FN:112,(anonymous_7)
FN:119,(anonymous_8)
FN:127,(anonymous_9)
FNF:10
FNH:10
FNDA:74,(anonymous_0)
FNDA:2,(anonymous_1)
FNDA:4,(anonymous_2)
FNDA:10,(anonymous_3)
FNDA:9,(anonymous_4)
FNDA:3,(anonymous_5)
FNDA:1,(anonymous_6)
FNDA:19,(anonymous_7)
FNDA:6,(anonymous_8)
FNDA:18,(anonymous_9)
DA:8,3
DA:15,3
DA:23,74
DA:24,74
DA:25,74
DA:31,74
DA:35,2
DA:39,4
DA:43,10
DA:44,10
DA:45,10
DA:48,10
DA:49,0
DA:50,0
DA:54,10
DA:55,1
DA:56,1
DA:60,9
DA:61,1
DA:62,1
DA:66,8
DA:67,8
DA:69,8
DA:70,8
DA:74,9
DA:77,9
DA:78,9
DA:80,9
DA:81,9
DA:84,9
DA:85,9
DA:86,2
DA:87,7
DA:88,1
DA:89,6
DA:90,1
DA:93,9
DA:94,9
DA:98,3
DA:102,1
DA:103,1
DA:104,1
DA:106,1
DA:107,1
DA:108,1
DA:109,1
DA:113,19
DA:114,10
DA:116,19
DA:120,6
DA:128,18
DA:129,16
LF:52
LH:50
BRDA:22,0,0,2
BRDA:22,1,0,2
BRDA:44,2,0,10
BRDA:44,2,1,0
BRDA:48,3,0,0
BRDA:48,3,1,10
BRDA:54,4,0,1
BRDA:54,4,1,9
BRDA:60,5,0,1
BRDA:60,5,1,8
BRDA:85,6,0,2
BRDA:85,6,1,7
BRDA:87,7,0,1
BRDA:87,7,1,6
BRDA:89,8,0,1
BRDA:89,8,1,5
BRDA:113,9,0,10
BRDA:113,9,1,9
BRDA:128,10,0,16
BRDA:128,10,1,2
BRF:20
BRH:18
end_of_record
TN:
SF:src/paperclip/error-handler.js
FN:23,(anonymous_0)
FN:31,(anonymous_1)
FN:64,(anonymous_2)
FN:85,(anonymous_3)
FN:93,(anonymous_4)
FN:116,(anonymous_5)
FN:123,(anonymous_6)
FN:130,(anonymous_7)
FN:153,(anonymous_8)
FN:163,(anonymous_9)
FN:164,(anonymous_10)
FN:170,(anonymous_11)
FN:183,(anonymous_12)
FNF:13
FNH:13
FNDA:39,(anonymous_0)
FNDA:7,(anonymous_1)
FNDA:48,(anonymous_2)
FNDA:20,(anonymous_3)
FNDA:4,(anonymous_4)
FNDA:2,(anonymous_5)
FNDA:1,(anonymous_6)
FNDA:16,(anonymous_7)
FNDA:2,(anonymous_8)
FNDA:13,(anonymous_9)
FNDA:13,(anonymous_10)
FNDA:3,(anonymous_11)
FNDA:4,(anonymous_12)
DA:7,2
DA:15,2
DA:24,39
DA:25,39
DA:33,7
DA:35,7
DA:36,19
DA:37,19
DA:38,3
DA:39,1
DA:45,3
DA:47,16
DA:48,16
DA:50,16
DA:51,13
DA:52,12
DA:58,3
DA:65,48
DA:67,48
DA:68,3
DA:70,45
DA:71,12
DA:73,33
DA:74,23
DA:76,10
DA:77,2
DA:79,8
DA:86,20
DA:87,20
DA:94,4
DA:95,4
DA:103,4
DA:104,0
DA:110,4
DA:117,2
DA:124,1
DA:131,16
DA:140,16
DA:142,16
DA:143,0
DA:154,2
DA:164,13
DA:171,3
DA:184,4
DA:191,4
LF:45
LH:43
BRDA:23,0,0,21
BRDA:31,1,0,6
BRDA:38,2,0,1
BRDA:38,2,1,2
BRDA:50,3,0,13
BRDA:50,3,1,3
BRDA:65,4,0,48
BRDA:65,4,1,0
BRDA:67,5,0,3
BRDA:67,5,1,45
BRDA:67,6,0,48
BRDA:67,6,1,47
BRDA:70,7,0,12
BRDA:70,7,1,33
BRDA:70,8,0,45
BRDA:70,8,1,34
BRDA:73,9,0,23
BRDA:73,9,1,10
BRDA:76,10,0,2
BRDA:76,10,1,8
BRDA:76,11,0,10
BRDA:76,11,1,10
BRDA:93,12,0,4
BRDA:103,13,0,0
BRDA:103,13,1,4
BRDA:142,14,0,0
BRDA:142,14,1,16
BRDA:191,15,0,4
BRDA:191,15,1,0
BRF:29
BRH:25
end_of_record
TN:
SF:src/paperclip/extended-agent-framework.js
FN:8,(anonymous_0)
FN:19,(anonymous_1)
FN:23,(anonymous_2)
FN:42,(anonymous_3)
FN:61,(anonymous_4)
FN:68,(anonymous_5)
FN:77,(anonymous_6)
FN:97,(anonymous_7)
FN:99,(anonymous_8)
FN:108,(anonymous_9)
FN:125,(anonymous_10)
FN:142,(anonymous_11)
FN:159,(anonymous_12)
FNF:13
FNH:12
FNDA:20,(anonymous_0)
FNDA:20,(anonymous_1)
FNDA:160,(anonymous_2)
FNDA:1,(anonymous_3)
FNDA:5,(anonymous_4)
FNDA:0,(anonymous_5)
FNDA:3,(anonymous_6)
FNDA:1,(anonymous_7)
FNDA:8,(anonymous_8)
FNDA:160,(anonymous_9)
FNDA:160,(anonymous_10)
FNDA:160,(anonymous_11)
FNDA:160,(anonymous_12)
DA:9,20
DA:10,20
DA:11,20
DA:13,20
DA:20,20
DA:21,20
DA:23,20
DA:24,160
DA:31,160
DA:43,1
DA:44,0
DA:47,1
DA:48,1
DA:55,1
DA:62,5
DA:69,0
DA:70,0
DA:71,0
DA:78,3
DA:85,3
DA:91,3
DA:98,1
DA:99,1
DA:100,8
DA:102,1
DA:109,160
DA:119,160
DA:126,160
DA:136,160
DA:143,160
DA:153,160
DA:160,160
DA:170,160
LF:33
LH:29
BRDA:43,0,0,0
BRDA:43,0,1,1
BRDA:70,1,0,0
BRDA:70,1,1,0
BRDA:86,2,0,3
BRDA:86,2,1,2
BRDA:87,3,0,3
BRDA:87,3,1,2
BRDA:88,4,0,3
BRDA:88,4,1,3
BRDA:119,5,0,160
BRDA:119,5,1,0
BRDA:136,6,0,160
BRDA:136,6,1,0
BRDA:153,7,0,160
BRDA:153,7,1,0
BRDA:170,8,0,160
BRDA:170,8,1,0
BRF:18
BRH:11
end_of_record
TN:
SF:src/paperclip/file-access-guard.js
FN:54,(anonymous_0)
FN:62,(anonymous_1)
FN:77,(anonymous_2)
FN:116,(anonymous_3)
FN:154,(anonymous_4)
FN:164,(anonymous_5)
FN:175,(anonymous_6)
FN:186,(anonymous_7)
FN:202,(anonymous_8)
FNF:9
FNH:9
FNDA:55,(anonymous_0)
FNDA:50,(anonymous_1)
FNDA:65,(anonymous_2)
FNDA:548,(anonymous_3)
FNDA:3,(anonymous_4)
FNDA:1,(anonymous_5)
FNDA:2,(anonymous_6)
FNDA:2,(anonymous_7)
FNDA:1,(anonymous_8)
DA:11,3
DA:21,3
DA:55,55
DA:64,50
DA:65,232
DA:66,40
DA:70,10
DA:79,65
DA:80,3
DA:83,62
DA:86,62
DA:87,62
DA:88,218
DA:89,18
DA:95,44
DA:96,44
DA:97,0
DA:101,44
DA:102,77
DA:103,34
DA:108,10
DA:118,548
DA:119,548
DA:122,548
DA:125,548
DA:126,548
DA:127,548
DA:129,548
DA:130,548
DA:131,548
DA:134,548
DA:138,548
DA:142,548
DA:143,548
DA:144,548
DA:146,548
DA:147,548
DA:155,3
DA:165,1
DA:166,1
DA:167,0
DA:169,1
DA:176,2
DA:177,2
DA:178,0
DA:180,2
DA:187,2
DA:188,2
DA:189,1
DA:191,1
DA:203,1
DA:205,1
DA:206,5
DA:207,5
DA:208,35
DA:209,21
DA:210,0
DA:221,1
LF:58
LH:54
BRDA:65,0,0,40
BRDA:65,0,1,192
BRDA:79,1,0,3
BRDA:79,1,1,62
BRDA:86,2,0,62
BRDA:86,2,1,0
BRDA:86,3,0,62
BRDA:86,3,1,62
BRDA:88,4,0,18
BRDA:88,4,1,200
BRDA:95,5,0,44
BRDA:95,5,1,0
BRDA:96,6,0,0
BRDA:96,6,1,44
BRDA:102,7,0,34
BRDA:102,7,1,43
BRDA:166,8,0,0
BRDA:166,8,1,1
BRDA:169,9,0,1
BRDA:169,9,1,0
BRDA:177,10,0,0
BRDA:177,10,1,2
BRDA:180,11,0,2
BRDA:180,11,1,0
BRDA:188,12,0,1
BRDA:188,12,1,1
BRDA:193,13,0,1
BRDA:193,13,1,0
BRDA:194,14,0,1
BRDA:194,14,1,0
BRDA:195,15,0,1
BRDA:195,15,1,0
BRDA:206,16,0,5
BRDA:206,16,1,0
BRDA:209,17,0,0
BRDA:209,17,1,21
BRF:36
BRH:24
end_of_record
TN:
SF:src/paperclip/heartbeat-monitor.js
FN:13,(anonymous_0)
FN:19,(anonymous_1)
FN:28,(anonymous_2)
FN:41,(anonymous_3)
FN:76,(anonymous_4)
FN:83,(anonymous_5)
FN:87,(anonymous_6)
FN:92,(anonymous_7)
FN:112,(anonymous_8)
FNF:9
FNH:9
FNDA:45,(anonymous_0)
FNDA:7,(anonymous_1)
FNDA:3,(anonymous_2)
FNDA:8,(anonymous_3)
FNDA:7,(anonymous_4)
FNDA:1,(anonymous_5)
FNDA:3,(anonymous_6)
FNDA:7,(anonymous_7)
FNDA:1,(anonymous_8)
DA:8,3
DA:9,3
DA:10,3
DA:14,45
DA:15,45
DA:16,45
DA:20,7
DA:29,3
DA:30,1
DA:33,2
DA:34,2
DA:35,2
DA:36,2
DA:38,2
DA:42,8
DA:44,8
DA:45,9
DA:46,0
DA:47,0
DA:50,9
DA:51,9
DA:53,9
DA:54,8
DA:56,8
DA:57,4
DA:58,4
DA:59,4
DA:60,1
DA:61,1
DA:62,3
DA:63,2
DA:64,2
DA:65,1
DA:66,1
DA:70,9
DA:73,8
DA:77,7
DA:78,0
DA:80,7
DA:84,1
DA:88,3
DA:89,3
DA:93,7
DA:99,7
DA:101,7
DA:102,7
DA:113,1
DA:114,1
LF:48
LH:45
BRDA:13,0,0,0
BRDA:28,1,0,0
BRDA:29,2,0,1
BRDA:29,2,1,2
BRDA:35,3,0,2
BRDA:35,3,1,0
BRDA:36,4,0,2
BRDA:36,4,1,1
BRDA:41,5,0,0
BRDA:45,6,0,0
BRDA:45,6,1,9
BRDA:53,7,0,8
BRDA:53,7,1,1
BRDA:56,8,0,4
BRDA:56,8,1,4
BRDA:59,9,0,1
BRDA:59,9,1,3
BRDA:62,10,0,2
BRDA:62,10,1,1
BRDA:65,11,0,1
BRDA:65,11,1,0
BRDA:77,12,0,0
BRDA:77,12,1,7
BRDA:89,13,0,3
BRDA:89,13,1,3
BRDA:101,14,0,7
BRDA:101,14,1,0
BRDA:113,15,0,1
BRDA:113,15,1,0
BRF:29
BRH:20
end_of_record
TN:
SF:src/paperclip/input-validator.js
FN:35,(anonymous_0)
FN:64,(anonymous_1)
FN:79,(anonymous_2)
FN:121,(anonymous_3)
FN:132,(anonymous_4)
FN:167,(anonymous_5)
FN:180,(anonymous_6)
FN:190,(anonymous_7)
FN:195,(anonymous_8)
FN:202,(anonymous_9)
FN:216,(anonymous_10)
FNF:11
FNH:11
FNDA:58,(anonymous_0)
FNDA:55,(anonymous_1)
FNDA:29,(anonymous_2)
FNDA:24,(anonymous_3)
FNDA:60,(anonymous_4)
FNDA:58,(anonymous_5)
FNDA:58,(anonymous_6)
FNDA:10,(anonymous_7)
FNDA:11,(anonymous_8)
FNDA:29,(anonymous_9)
FNDA:4,(anonymous_10)
DA:8,3
DA:10,3
DA:22,3
DA:36,58
DA:37,3
DA:41,55
DA:44,50
DA:45,29
DA:49,38
DA:50,24
DA:54,33
DA:55,10
DA:58,31
DA:65,55
DA:66,2
DA:68,53
DA:69,3
DA:80,29
DA:81,0
DA:85,29
DA:86,1
DA:92,28
DA:93,1
DA:97,27
DA:98,27
DA:99,1
DA:103,26
DA:104,26
DA:105,198
DA:106,9
DA:122,24
DA:123,0
DA:126,24
DA:127,1
DA:132,23
DA:133,60
DA:134,0
DA:138,60
DA:139,1
DA:141,59
DA:142,1
DA:146,58
DA:149,58
DA:150,1
DA:156,57
DA:157,57
DA:158,1
DA:168,58
DA:169,0
DA:174,58
DA:180,58
DA:181,58
DA:182,0
DA:191,10
DA:192,0
DA:195,10
DA:196,11
DA:197,1
DA:201,10
DA:202,29
DA:205,10
DA:206,1
DA:217,4
DA:218,1
DA:222,3
DA:225,3
DA:227,3
LF:67
LH:61
BRDA:36,0,0,3
BRDA:36,0,1,55
BRDA:36,1,0,58
BRDA:36,1,1,56
BRDA:44,2,0,29
BRDA:44,2,1,21
BRDA:49,3,0,24
BRDA:49,3,1,14
BRDA:49,4,0,38
BRDA:49,4,1,24
BRDA:54,5,0,10
BRDA:54,5,1,23
BRDA:54,6,0,33
BRDA:54,6,1,10
BRDA:65,7,0,2
BRDA:65,7,1,53
BRDA:68,8,0,3
BRDA:68,8,1,50
BRDA:80,9,0,0
BRDA:80,9,1,29
BRDA:85,10,0,1
BRDA:85,10,1,28
BRDA:92,11,0,1
BRDA:92,11,1,27
BRDA:98,12,0,1
BRDA:98,12,1,26
BRDA:105,13,0,9
BRDA:105,13,1,189
BRDA:122,14,0,0
BRDA:122,14,1,24
BRDA:126,15,0,1
BRDA:126,15,1,23
BRDA:133,16,0,0
BRDA:133,16,1,60
BRDA:133,17,0,60
BRDA:133,17,1,60
BRDA:138,18,0,1
BRDA:138,18,1,59
BRDA:141,19,0,1
BRDA:141,19,1,58
BRDA:149,20,0,1
BRDA:149,20,1,57
BRDA:149,21,0,58
BRDA:149,21,1,58
BRDA:156,22,0,57
BRDA:156,22,1,0
BRDA:157,23,0,1
BRDA:157,23,1,56
BRDA:168,24,0,0
BRDA:168,24,1,58
BRDA:181,25,0,0
BRDA:181,25,1,58
BRDA:181,26,0,58
BRDA:181,26,1,0
BRDA:191,27,0,0
BRDA:191,27,1,10
BRDA:196,28,0,1
BRDA:196,28,1,10
BRDA:205,29,0,1
BRDA:205,29,1,9
BRDA:217,30,0,1
BRDA:217,30,1,3
BRF:62
BRH:54
end_of_record
TN:
SF:src/paperclip/log-sanitizer.js
FN:56,(anonymous_0)
FN:72,(anonymous_1)
FN:82,(anonymous_2)
FN:100,(anonymous_3)
FN:119,(anonymous_4)
FN:120,(anonymous_5)
FN:131,(anonymous_6)
FNF:7
FNH:7
FNDA:84,(anonymous_0)
FNDA:100,(anonymous_1)
FNDA:4,(anonymous_2)
FNDA:9,(anonymous_3)
FNDA:1,(anonymous_4)
FNDA:8,(anonymous_5)
FNDA:2,(anonymous_6)
DA:8,3
DA:57,84
DA:58,3
DA:61,81
DA:62,81
DA:63,648
DA:65,81
DA:73,100
DA:74,0
DA:77,100
DA:78,61
DA:81,39
DA:82,11
DA:85,28
DA:86,26
DA:87,26
DA:88,82
DA:90,26
DA:93,2
DA:101,9
DA:102,0
DA:105,9
DA:106,9
DA:107,72
DA:108,4
DA:110,4
DA:113,9
DA:120,8
DA:132,2
DA:133,0
DA:136,2
DA:139,2
DA:140,6
DA:141,6
DA:142,0
DA:143,0
DA:148,2
DA:149,2
DA:150,6
DA:151,6
DA:155,2
DA:156,1
DA:162,2
LF:43
LH:38
BRDA:57,0,0,3
BRDA:57,0,1,81
BRDA:72,1,0,14
BRDA:72,2,0,14
BRDA:73,3,0,0
BRDA:73,3,1,100
BRDA:77,4,0,61
BRDA:77,4,1,39
BRDA:81,5,0,11
BRDA:81,5,1,28
BRDA:85,6,0,26
BRDA:85,6,1,2
BRDA:85,7,0,28
BRDA:85,7,1,28
BRDA:101,8,0,0
BRDA:101,8,1,9
BRDA:107,9,0,4
BRDA:107,9,1,68
BRDA:132,10,0,0
BRDA:132,10,1,2
BRDA:132,11,0,2
BRDA:132,11,1,2
BRDA:140,12,0,6
BRDA:140,12,1,0
BRDA:142,13,0,0
BRDA:142,13,1,0
BRDA:142,14,0,0
BRDA:142,14,1,0
BRDA:150,15,0,6
BRDA:150,15,1,0
BRDA:155,16,0,1
BRDA:155,16,1,1
BRF:32
BRH:23
end_of_record
TN:
SF:src/paperclip/monitoring-dashboard.js
FN:8,(anonymous_0)
FN:19,(anonymous_1)
FN:33,(anonymous_2)
FN:49,(anonymous_3)
FN:53,(anonymous_4)
FN:68,(anonymous_5)
FN:72,(anonymous_6)
FN:87,(anonymous_7)
FN:101,(anonymous_8)
FN:105,(anonymous_9)
FN:121,(anonymous_10)
FN:132,(anonymous_11)
FN:134,(anonymous_12)
FN:141,(anonymous_13)
FN:148,(anonymous_14)
FN:159,(anonymous_15)
FNF:16
FNH:6
FNDA:20,(anonymous_0)
FNDA:4,(anonymous_1)
FNDA:5,(anonymous_2)
FNDA:1,(anonymous_3)
FNDA:0,(anonymous_4)
FNDA:0,(anonymous_5)
FNDA:0,(anonymous_6)
FNDA:0,(anonymous_7)
FNDA:0,(anonymous_8)
FNDA:0,(anonymous_9)
FNDA:1,(anonymous_10)
FNDA:1,(anonymous_11)
FNDA:0,(anonymous_12)
FNDA:0,(anonymous_13)
FNDA:0,(anonymous_14)
FNDA:0,(anonymous_15)
DA:9,20
DA:10,20
DA:11,20
DA:12,20
DA:13,20
DA:20,4
DA:34,5
DA:35,0
DA:37,0
DA:50,1
DA:51,1
DA:53,1
DA:54,0
DA:57,1
DA:69,0
DA:70,0
DA:72,0
DA:73,0
DA:81,0
DA:88,0
DA:89,0
DA:102,0
DA:103,0
DA:105,0
DA:106,0
DA:109,0
DA:122,1
DA:133,1
DA:134,0
DA:135,0
DA:142,0
DA:149,0
DA:160,0
LF:33
LH:13
BRDA:35,0,0,0
BRDA:35,0,1,0
BRDA:50,1,0,1
BRDA:50,1,1,0
BRDA:54,2,0,0
BRDA:54,2,1,0
BRDA:61,3,0,0
BRDA:61,3,1,1
BRDA:69,4,0,0
BRDA:69,4,1,0
BRDA:74,5,0,0
BRDA:74,5,1,0
BRDA:90,6,0,0
BRDA:90,6,1,0
BRDA:91,7,0,0
BRDA:91,7,1,0
BRDA:92,8,0,0
BRDA:92,8,1,0
BRDA:92,9,0,0
BRDA:92,9,1,0
BRDA:93,10,0,0
BRDA:93,10,1,0
BRDA:93,11,0,0
BRDA:93,11,1,0
BRDA:102,12,0,0
BRDA:102,12,1,0
BRDA:106,13,0,0
BRDA:106,13,1,0
BRDA:112,14,0,0
BRDA:112,14,1,0
BRDA:113,15,0,0
BRDA:113,15,1,0
BRDA:133,16,0,1
BRDA:133,16,1,0
BRDA:134,17,0,0
BRDA:134,17,1,0
BRF:36
BRH:3
end_of_record
TN:
SF:src/paperclip/paperclip-client.js
FN:20,(anonymous_0)
FN:36,(anonymous_1)
FN:48,(anonymous_2)
FN:49,(anonymous_3)
FN:58,(anonymous_4)
FN:70,(anonymous_5)
FN:88,(anonymous_6)
FN:89,(anonymous_7)
FN:98,(anonymous_8)
FN:105,(anonymous_9)
FN:113,(anonymous_10)
FN:120,(anonymous_11)
FN:132,(anonymous_12)
FNF:13
FNH:2
FNDA:18,(anonymous_0)
FNDA:18,(anonymous_1)
FNDA:0,(anonymous_2)
FNDA:0,(anonymous_3)
FNDA:0,(anonymous_4)
FNDA:0,(anonymous_5)
FNDA:0,(anonymous_6)
FNDA:0,(anonymous_7)
FNDA:0,(anonymous_8)
FNDA:0,(anonymous_9)
FNDA:0,(anonymous_10)
FNDA:0,(anonymous_11)
FNDA:0,(anonymous_12)
DA:22,18
DA:23,18
DA:24,18
DA:25,18
DA:26,18
DA:27,18
DA:29,18
DA:30,18
DA:37,18
DA:41,0
DA:42,0
DA:49,0
DA:50,0
DA:51,0
DA:59,0
DA:60,0
DA:61,0
DA:63,0
DA:71,0
DA:72,0
DA:73,0
DA:74,0
DA:79,0
DA:81,0
DA:89,0
DA:90,0
DA:91,0
DA:99,0
DA:106,0
DA:107,0
DA:114,0
DA:121,0
DA:133,0
DA:134,0
DA:135,0
LF:35
LH:9
BRDA:20,0,0,18
BRDA:98,1,0,0
BRDA:132,2,0,0
BRF:3
BRH:1
end_of_record
TN:
SF:src/paperclip/performance-optimizer.js
FN:8,(anonymous_0)
FN:17,(anonymous_1)
FN:40,(anonymous_2)
FN:55,(anonymous_3)
FN:68,(anonymous_4)
FN:75,(anonymous_5)
FN:85,(anonymous_6)
FN:92,(anonymous_7)
FN:99,(anonymous_8)
FNF:9
FNH:9
FNDA:20,(anonymous_0)
FNDA:3,(anonymous_1)
FNDA:1,(anonymous_2)
FNDA:3,(anonymous_3)
FNDA:1,(anonymous_4)
FNDA:1,(anonymous_5)
FNDA:1,(anonymous_6)
FNDA:1,(anonymous_7)
FNDA:1,(anonymous_8)
DA:9,20
DA:10,20
DA:11,20
DA:18,3
DA:19,1
DA:20,1
DA:23,2
DA:24,2
DA:27,2
DA:28,0
DA:29,0
DA:30,0
DA:33,2
DA:34,2
DA:41,1
DA:56,3
DA:57,3
DA:69,1
DA:76,1
DA:77,1
DA:78,1
DA:79,1
DA:86,1
DA:93,1
DA:100,1
LF:25
LH:22
BRDA:18,0,0,1
BRDA:18,0,1,2
BRDA:27,1,0,0
BRDA:27,1,1,2
BRDA:56,2,0,3
BRDA:56,2,1,2
BRDA:76,3,0,1
BRDA:76,3,1,0
BRDA:77,4,0,0
BRDA:77,4,1,1
BRDA:78,5,0,0
BRDA:78,5,1,1
BRDA:86,6,0,1
BRDA:86,6,1,0
BRDA:93,7,0,1
BRDA:93,7,1,0
BRF:16
BRH:10
end_of_record
TN:
SF:src/paperclip/task-manager.js
FN:33,(anonymous_0)
FN:39,(anonymous_1)
FN:82,(anonymous_2)
FN:90,(anonymous_3)
FN:107,(anonymous_4)
FN:118,(anonymous_5)
FN:136,(anonymous_6)
FN:144,(anonymous_7)
FN:147,(anonymous_8)
FN:150,(anonymous_9)
FN:152,(anonymous_10)
FN:160,(anonymous_11)
FN:166,(anonymous_12)
FN:191,(anonymous_13)
FNF:14
FNH:14
FNDA:65,(anonymous_0)
FNDA:36,(anonymous_1)
FNDA:31,(anonymous_2)
FNDA:3,(anonymous_3)
FNDA:8,(anonymous_4)
FNDA:9,(anonymous_5)
FNDA:6,(anonymous_6)
FNDA:5,(anonymous_7)
FNDA:2,(anonymous_8)
FNDA:2,(anonymous_9)
FNDA:5,(anonymous_10)
FNDA:36,(anonymous_11)
FNDA:8,(anonymous_12)
FNDA:11,(anonymous_13)
DA:10,3
DA:12,3
DA:21,3
DA:23,3
DA:34,65
DA:35,65
DA:36,65
DA:40,36
DA:42,34
DA:43,34
DA:68,34
DA:70,34
DA:71,33
DA:79,34
DA:83,31
DA:84,31
DA:85,1
DA:87,30
DA:91,3
DA:92,3
DA:93,3
DA:95,3
DA:96,2
DA:104,3
DA:108,8
DA:109,1
DA:112,7
DA:113,7
DA:115,7
DA:119,9
DA:122,9
DA:123,1
DA:127,8
DA:129,1
DA:130,1
DA:131,1
DA:133,1
DA:137,6
DA:138,1
DA:140,5
DA:141,5
DA:145,5
DA:146,5
DA:147,2
DA:149,5
DA:150,2
DA:152,5
DA:161,36
DA:162,2
DA:167,8
DA:168,2
DA:171,6
DA:172,26
DA:173,2
DA:178,4
DA:179,1
DA:181,3
DA:182,1
DA:186,2
DA:187,1
DA:192,11
LF:61
LH:61
BRDA:42,0,0,34
BRDA:42,0,1,11
BRDA:48,1,0,34
BRDA:48,1,1,0
BRDA:49,2,0,34
BRDA:49,2,1,7
BRDA:50,3,0,34
BRDA:50,3,1,11
BRDA:70,4,0,33
BRDA:70,4,1,1
BRDA:84,5,0,1
BRDA:84,5,1,30
BRDA:95,6,0,2
BRDA:95,6,1,1
BRDA:108,7,0,1
BRDA:108,7,1,7
BRDA:122,8,0,1
BRDA:122,8,1,8
BRDA:137,9,0,1
BRDA:137,9,1,5
BRDA:144,10,0,3
BRDA:146,11,0,1
BRDA:146,11,1,4
BRDA:149,12,0,1
BRDA:149,12,1,4
BRDA:161,13,0,2
BRDA:161,13,1,34
BRDA:161,14,0,36
BRDA:161,14,1,35
BRDA:167,15,0,2
BRDA:167,15,1,6
BRDA:167,16,0,8
BRDA:167,16,1,7
BRDA:172,17,0,2
BRDA:172,17,1,24
BRDA:172,18,0,26
BRDA:172,18,1,25
BRDA:172,18,2,24
BRDA:178,19,0,1
BRDA:178,19,1,3
BRDA:178,20,0,4
BRDA:178,20,1,4
BRDA:181,21,0,1
BRDA:181,21,1,2
BRDA:181,22,0,3
BRDA:181,22,1,3
BRDA:186,23,0,1
BRDA:186,23,1,1
BRF:48
BRH:47
end_of_record
